[2025-07-28T09:39:00.102Z] GET /api/message
[2025-07-28T09:39:10.264Z] GET /api/message
[2025-07-28T09:39:20.415Z] GET /api/message
[2025-07-28T09:39:30.565Z] GET /api/message
[2025-07-28T09:39:40.714Z] GET /api/message
[2025-07-28T09:39:50.869Z] GET /api/message
[2025-07-28T09:40:01.019Z] GET /api/message
[2025-07-28T09:40:10.437Z] GET /api/message
[2025-07-28T09:40:11.176Z] GET /api/message
[2025-07-28T09:40:15.154Z] GET /api/users
[2025-07-28T09:40:21.330Z] GET /api/message
[2025-07-28T09:40:31.481Z] GET /api/message
[2025-07-28T09:40:41.639Z] GET /api/message
[2025-07-28T09:40:51.788Z] GET /api/message
[2025-07-28T09:41:01.937Z] GET /api/message
[2025-07-28T09:41:12.087Z] GET /api/message
[2025-07-28T09:41:22.235Z] GET /api/message
[2025-07-28T09:41:32.387Z] GET /api/message
[2025-07-28T09:41:42.540Z] GET /api/message
[2025-07-28T09:41:52.687Z] GET /api/message
[2025-07-28T09:42:02.837Z] GET /api/message
[2025-07-28T09:42:12.989Z] GET /api/message
[2025-07-28T09:42:23.139Z] GET /api/message
[2025-07-28T09:42:33.304Z] GET /api/message
[2025-07-28T09:42:43.456Z] GET /api/message
[2025-07-28T09:42:53.607Z] GET /api/message
[2025-07-28T09:43:03.757Z] GET /api/message
[2025-07-28T09:43:13.918Z] GET /api/message
[2025-07-28T09:43:24.066Z] GET /api/message
[2025-07-28T09:43:34.217Z] GET /api/message
[2025-07-28T09:43:44.369Z] GET /api/message
[2025-07-28T09:43:54.518Z] GET /api/message
[2025-07-28T09:44:04.666Z] GET /api/message
[2025-07-28T09:44:14.814Z] GET /api/message
[2025-07-28T09:44:24.962Z] GET /api/message
[2025-07-28T09:44:35.117Z] GET /api/message
[2025-07-28T09:44:45.272Z] GET /api/message
[2025-07-28T09:44:55.425Z] GET /api/message
[2025-07-28T09:45:05.574Z] GET /api/message
[2025-07-28T09:45:15.730Z] GET /api/message
[2025-07-28T09:45:25.879Z] GET /api/message
[2025-07-28T09:45:36.025Z] GET /api/message
[2025-07-28T09:45:46.192Z] GET /api/message
[2025-07-28T09:45:56.342Z] GET /api/message
[2025-07-28T09:46:06.496Z] GET /api/message
[2025-07-28T09:46:16.683Z] GET /api/message
[2025-07-28T09:46:26.837Z] GET /api/message
[2025-07-28T09:46:36.984Z] GET /api/message
[2025-07-28T09:46:47.181Z] GET /api/message
[2025-07-28T09:46:57.332Z] GET /api/message
[2025-07-28T09:47:07.483Z] GET /api/message
[2025-07-28T09:47:17.645Z] GET /api/message
[2025-07-28T09:47:27.801Z] GET /api/message
[2025-07-28T09:47:37.950Z] GET /api/message
[2025-07-28T09:47:48.101Z] GET /api/message
[2025-07-28T09:47:58.257Z] GET /api/message
[2025-07-28T09:48:08.426Z] GET /api/message
[2025-07-28T09:48:18.581Z] GET /api/message
[2025-07-28T09:48:28.730Z] GET /api/message
[2025-07-28T09:48:38.881Z] GET /api/message
[2025-07-28T09:48:49.036Z] GET /api/message
[2025-07-28T09:48:59.185Z] GET /api/message
[2025-07-28T09:49:09.353Z] GET /api/message
[2025-07-28T09:49:19.522Z] GET /api/message
[2025-07-28T09:49:29.700Z] GET /api/message
[2025-07-28T09:49:39.851Z] GET /api/message
[2025-07-28T09:49:50.019Z] GET /api/message
[2025-07-28T09:50:00.243Z] GET /api/message
[2025-07-28T09:50:48.522Z] GET /api/message
[2025-07-28T09:50:58.680Z] GET /api/message
[2025-07-28T09:51:08.834Z] GET /api/message
[2025-07-28T09:51:18.986Z] GET /api/message
[2025-07-28T09:51:29.166Z] GET /api/message
[2025-07-28T09:51:39.320Z] GET /api/message
[2025-07-28T09:51:49.471Z] GET /api/message
[2025-07-28T09:51:54.266Z] GET /
[2025-07-28T09:51:59.646Z] GET /api/message
[2025-07-28T09:52:09.797Z] GET /api/message
[2025-07-28T09:52:19.947Z] GET /api/message
[2025-07-28T09:52:30.100Z] GET /api/message
[2025-07-28T09:52:40.254Z] GET /api/message
[2025-07-28T09:52:50.410Z] GET /api/message
[2025-07-28T09:53:00.560Z] GET /api/message
[2025-07-28T09:53:10.712Z] GET /api/message
[2025-07-28T09:53:20.864Z] GET /api/message
[2025-07-28T09:53:31.037Z] GET /api/message
[2025-07-28T09:53:41.186Z] GET /api/message
[2025-07-28T09:53:51.336Z] GET /api/message
[2025-07-28T09:54:01.486Z] GET /api/message
[2025-07-28T09:54:11.636Z] GET /api/message
[2025-07-28T09:54:21.786Z] GET /api/message
[2025-07-28T09:54:31.943Z] GET /api/message
[2025-07-28T09:54:42.093Z] GET /api/message
[2025-07-28T09:54:52.243Z] GET /api/message
[2025-07-28T09:55:02.392Z] GET /api/message
[2025-07-28T09:55:12.542Z] GET /api/message
[2025-07-28T09:55:22.702Z] GET /api/message
[2025-07-28T09:55:32.852Z] GET /api/message
[2025-07-28T09:55:43.004Z] GET /api/message
[2025-07-28T09:55:53.156Z] GET /api/message
[2025-07-28T09:56:03.309Z] GET /api/message
[2025-07-28T09:56:13.456Z] GET /api/message
[2025-07-28T09:56:23.607Z] GET /api/message
[2025-07-28T09:56:33.757Z] GET /api/message
[2025-07-28T09:56:43.909Z] GET /api/message
[2025-07-28T09:56:54.062Z] GET /api/message
[2025-07-28T09:57:04.214Z] GET /api/message
[2025-07-28T09:57:14.366Z] GET /api/message
[2025-07-28T09:57:24.517Z] GET /api/message
[2025-07-28T09:57:34.670Z] GET /api/message
[2025-07-28T09:57:44.820Z] GET /api/message
[2025-07-28T09:57:54.973Z] GET /api/message
[2025-07-28T09:58:05.141Z] GET /api/message
[2025-07-28T09:58:15.294Z] GET /api/message
[2025-07-28T09:58:25.448Z] GET /api/message
[2025-07-28T09:58:35.617Z] GET /api/message
[2025-07-28T09:58:45.769Z] GET /api/message
[2025-07-28T09:58:55.919Z] GET /api/message
[2025-07-28T09:59:06.097Z] GET /api/message
[2025-07-28T09:59:16.250Z] GET /api/message
[2025-07-28T09:59:26.404Z] GET /api/message
[2025-07-28T09:59:36.556Z] GET /api/message
[2025-07-28T09:59:46.726Z] GET /api/message
[2025-07-28T09:59:56.877Z] GET /api/message
[2025-07-28T10:00:07.028Z] GET /api/message
[2025-07-28T10:00:17.180Z] GET /api/message
[2025-07-28T10:00:27.364Z] GET /api/message
[2025-07-28T10:00:37.517Z] GET /api/message
[2025-07-28T10:00:47.667Z] GET /api/message
[2025-07-28T10:00:57.832Z] GET /api/message
[2025-07-28T10:01:07.981Z] GET /api/message
[2025-07-28T10:01:18.148Z] GET /api/message
[2025-07-28T10:01:28.317Z] GET /api/message
[2025-07-28T10:01:38.465Z] GET /api/message
[2025-07-28T10:01:48.617Z] GET /api/message
[2025-07-28T10:01:58.798Z] GET /api/message
[2025-07-28T10:02:08.973Z] GET /api/message
[2025-07-28T10:02:19.205Z] GET /api/message
[2025-07-28T10:02:29.467Z] GET /api/message
[2025-07-28T10:02:39.732Z] GET /api/message
[2025-07-28T10:02:49.987Z] GET /api/message
[2025-07-28T10:03:00.232Z] GET /api/message
[2025-07-28T10:03:10.463Z] GET /api/message
[2025-07-28T10:03:20.705Z] GET /api/message
[2025-07-28T10:03:30.956Z] GET /api/message
[2025-07-28T10:03:41.206Z] GET /api/message
[2025-07-28T10:03:51.471Z] GET /api/message
[2025-07-28T10:04:01.861Z] GET /api/message
[2025-07-28T10:04:12.094Z] GET /api/message
[2025-07-28T10:04:22.325Z] GET /api/message
[2025-07-28T10:04:32.563Z] GET /api/message
[2025-07-28T10:04:42.816Z] GET /api/message
[2025-07-28T10:04:53.125Z] GET /api/message
[2025-07-28T10:05:03.362Z] GET /api/message
[2025-07-28T10:05:13.594Z] GET /api/message
[2025-07-28T10:05:23.827Z] GET /api/message
[2025-07-28T10:05:34.091Z] GET /api/message
[2025-07-28T10:05:44.323Z] GET /api/message
[2025-07-28T10:05:54.554Z] GET /api/message
[2025-07-28T10:06:04.788Z] GET /api/message
[2025-07-28T10:06:15.035Z] GET /api/message
[2025-07-28T10:06:25.266Z] GET /api/message
[2025-07-28T10:06:35.506Z] GET /api/message
[2025-07-28T10:06:45.737Z] GET /api/message
[2025-07-28T10:06:55.955Z] GET /api/message
[2025-07-28T10:07:06.247Z] GET /api/message
[2025-07-28T10:07:16.498Z] GET /api/message
[2025-07-28T10:07:26.733Z] GET /api/message
[2025-07-28T10:07:36.988Z] GET /api/message
[2025-07-28T10:07:47.253Z] GET /api/message
[2025-07-28T10:07:57.502Z] GET /api/message
[2025-07-28T10:08:07.735Z] GET /api/message
[2025-07-28T10:08:17.964Z] GET /api/message
[2025-07-28T10:08:28.203Z] GET /api/message
[2025-07-28T10:08:38.446Z] GET /api/message
[2025-07-28T10:08:48.705Z] GET /api/message
[2025-07-28T10:10:33.397Z] GET /api/message
[2025-07-28T10:10:43.673Z] GET /api/message
[2025-07-28T10:10:51.140Z] GET /api/message
[2025-07-28T10:10:53.939Z] GET /api/message
[2025-07-28T10:11:04.203Z] GET /api/message
[2025-07-28T10:11:14.416Z] GET /api/message
[2025-07-28T10:11:24.600Z] GET /api/message
[2025-07-28T10:11:34.832Z] GET /api/message
[2025-07-28T10:11:45.066Z] GET /api/message
[2025-07-28T10:11:55.301Z] GET /api/message
[2025-07-28T10:12:05.554Z] GET /api/message
[2025-07-28T10:12:15.797Z] GET /api/message
[2025-07-28T10:12:26.037Z] GET /api/message
[2025-07-28T10:12:36.281Z] GET /api/message
[2025-07-28T10:12:46.518Z] GET /api/message
[2025-07-28T10:12:56.758Z] GET /api/message
[2025-07-28T10:13:07.017Z] GET /api/message
[2025-07-28T10:13:17.294Z] GET /api/message
[2025-07-28T10:13:27.540Z] GET /api/message
[2025-07-28T10:13:37.774Z] GET /api/message
[2025-07-28T10:13:48.029Z] GET /api/message
[2025-07-28T10:13:58.283Z] GET /api/message
[2025-07-28T10:14:08.559Z] GET /api/message
[2025-07-28T10:14:18.815Z] GET /api/message
[2025-07-28T10:14:29.093Z] GET /api/message
[2025-07-28T10:14:39.358Z] GET /api/message
[2025-07-28T10:14:49.614Z] GET /api/message
[2025-07-28T10:14:59.875Z] GET /api/message
[2025-07-28T10:15:10.156Z] GET /api/message
[2025-07-28T10:15:20.437Z] GET /api/message
[2025-07-28T10:15:30.693Z] GET /api/message
[2025-07-28T10:15:40.956Z] GET /api/message
[2025-07-28T10:15:51.215Z] GET /api/message
[2025-07-28T10:16:01.470Z] GET /api/message
[2025-07-28T10:16:11.714Z] GET /api/message
[2025-07-28T10:16:21.977Z] GET /api/message
[2025-07-28T10:16:32.218Z] GET /api/message
[2025-07-28T10:16:42.476Z] GET /api/message
[2025-07-28T10:16:52.776Z] GET /api/message
[2025-07-28T10:17:03.019Z] GET /api/message
[2025-07-28T10:17:13.266Z] GET /api/message
[2025-07-28T10:17:23.520Z] GET /api/message
[2025-07-28T10:17:33.771Z] GET /api/message
[2025-07-28T10:17:44.025Z] GET /api/message
[2025-07-28T10:17:54.299Z] GET /api/message
[2025-07-28T10:18:04.549Z] GET /api/message
[2025-07-28T10:18:14.835Z] GET /api/message
[2025-07-28T10:18:25.093Z] GET /api/message
[2025-07-28T10:18:35.331Z] GET /api/message
[2025-07-28T10:18:45.659Z] GET /api/message
[2025-07-28T10:18:55.955Z] GET /api/message
[2025-07-28T10:19:06.287Z] GET /api/message
[2025-07-28T10:19:16.539Z] GET /api/message
[2025-07-28T10:19:26.799Z] GET /api/message
[2025-07-28T10:19:37.054Z] GET /api/message
[2025-07-28T10:19:47.310Z] GET /api/message
[2025-07-28T10:19:57.556Z] GET /api/message
[2025-07-28T10:20:07.817Z] GET /api/message
[2025-07-28T10:20:18.070Z] GET /api/message
[2025-07-28T10:20:28.322Z] GET /api/message
[2025-07-28T10:20:38.582Z] GET /api/message
[2025-07-28T10:20:48.825Z] GET /api/message
[2025-07-28T10:20:59.064Z] GET /api/message
[2025-07-28T10:21:09.318Z] GET /api/message
[2025-07-28T10:21:19.622Z] GET /api/message
[2025-07-28T10:21:29.882Z] GET /api/message
[2025-07-28T10:21:40.153Z] GET /api/message
[2025-07-28T10:21:50.409Z] GET /api/message
[2025-07-28T10:22:00.667Z] GET /api/message
[2025-07-28T10:22:10.901Z] GET /api/message
[2025-07-28T10:22:21.130Z] GET /api/message
[2025-07-28T10:22:31.373Z] GET /api/message
[2025-07-28T10:22:41.662Z] GET /api/message
[2025-07-28T10:22:51.925Z] GET /api/message
[2025-07-28T10:23:02.162Z] GET /api/message
[2025-07-28T10:23:12.403Z] GET /api/message
[2025-07-28T10:23:22.675Z] GET /api/message
[2025-07-28T10:23:32.944Z] GET /api/message
[2025-07-28T10:23:43.230Z] GET /api/message
[2025-07-28T10:23:53.491Z] GET /api/message
[2025-07-28T10:24:03.743Z] GET /api/message
[2025-07-28T10:24:13.994Z] GET /api/message
[2025-07-28T10:24:24.283Z] GET /api/message
[2025-07-28T10:24:34.547Z] GET /api/message
[2025-07-28T10:24:44.779Z] GET /api/message
[2025-07-28T10:24:55.021Z] GET /api/message
[2025-07-28T10:25:05.273Z] GET /api/message
[2025-07-28T10:25:15.527Z] GET /api/message
[2025-07-28T10:25:25.801Z] GET /api/message
[2025-07-28T10:25:36.041Z] GET /api/message
[2025-07-28T10:25:46.314Z] GET /api/message
[2025-07-28T10:25:56.574Z] GET /api/message
[2025-07-28T10:26:06.806Z] GET /api/message
[2025-07-28T10:26:17.037Z] GET /api/message
[2025-07-28T10:26:27.271Z] GET /api/message
[2025-07-28T10:26:37.522Z] GET /api/message
[2025-07-28T10:26:47.758Z] GET /api/message
[2025-07-28T10:26:58.030Z] GET /api/message
[2025-07-28T10:27:08.268Z] GET /api/message
[2025-07-28T10:27:18.524Z] GET /api/message
[2025-07-28T10:27:28.771Z] GET /api/message
[2025-07-28T10:27:39.018Z] GET /api/message
[2025-07-28T10:27:49.254Z] GET /api/message
[2025-07-28T10:27:59.564Z] GET /api/message
[2025-07-28T10:28:09.996Z] GET /api/message
[2025-07-28T10:39:39.606Z] GET /api/message
[2025-07-28T10:39:49.860Z] GET /api/message
[2025-07-28T10:40:00.111Z] GET /api/message
[2025-07-28T10:40:10.383Z] GET /api/message
[2025-07-28T10:40:20.786Z] GET /api/message
[2025-07-28T10:40:31.091Z] GET /api/message
[2025-07-28T10:40:41.333Z] GET /api/message
[2025-07-28T10:40:51.587Z] GET /api/message
[2025-07-28T10:41:01.838Z] GET /api/message
[2025-07-28T10:41:12.085Z] GET /api/message
[2025-07-28T10:41:22.349Z] GET /api/message
[2025-07-28T10:41:32.601Z] GET /api/message
[2025-07-28T10:41:42.851Z] GET /api/message
[2025-07-28T10:41:53.088Z] GET /api/message
[2025-07-28T10:42:03.329Z] GET /api/message
[2025-07-28T10:42:13.574Z] GET /api/message
[2025-07-28T10:42:23.822Z] GET /api/message
[2025-07-28T10:42:34.066Z] GET /api/message
[2025-07-28T10:42:44.330Z] GET /api/message
[2025-07-28T10:42:54.600Z] GET /api/message
[2025-07-28T10:43:04.860Z] GET /api/message
[2025-07-28T10:43:15.113Z] GET /api/message
[2025-07-28T10:43:25.353Z] GET /api/message
[2025-07-28T10:43:35.624Z] GET /api/message
[2025-07-28T10:43:45.885Z] GET /api/message
[2025-07-28T10:43:56.139Z] GET /api/message
[2025-07-28T10:44:06.386Z] GET /api/message
[2025-07-28T10:44:16.627Z] GET /api/message
[2025-07-28T10:44:26.880Z] GET /api/message
[2025-07-28T10:44:37.130Z] GET /api/message
[2025-07-28T10:44:47.382Z] GET /api/message
[2025-07-28T10:44:57.614Z] GET /api/message
[2025-07-28T10:45:07.868Z] GET /api/message
[2025-07-28T10:45:18.110Z] GET /api/message
[2025-07-28T10:45:28.369Z] GET /api/message
[2025-07-28T10:45:38.620Z] GET /api/message
[2025-07-28T10:45:48.875Z] GET /api/message
[2025-07-28T10:45:59.126Z] GET /api/message
[2025-07-28T10:46:09.371Z] GET /api/message
[2025-07-28T10:46:19.625Z] GET /api/message
[2025-07-28T10:46:29.882Z] GET /api/message
[2025-07-28T10:46:40.131Z] GET /api/message
[2025-07-28T10:46:50.377Z] GET /api/message
[2025-07-28T10:47:00.653Z] GET /api/message
[2025-07-28T10:47:10.912Z] GET /api/message
[2025-07-28T10:47:21.167Z] GET /api/message
[2025-07-28T10:47:31.421Z] GET /api/message
[2025-07-28T10:47:41.667Z] GET /api/message
[2025-07-28T10:47:51.958Z] GET /api/message
[2025-07-28T10:48:02.219Z] GET /api/message
[2025-07-28T10:48:12.470Z] GET /api/message
[2025-07-28T10:48:22.766Z] GET /api/message
[2025-07-28T10:48:33.030Z] GET /api/message
[2025-07-28T10:48:43.293Z] GET /api/message
[2025-07-28T10:48:53.543Z] GET /api/message
[2025-07-28T10:49:03.812Z] GET /api/message
[2025-07-28T10:49:14.083Z] GET /api/message
[2025-07-28T10:49:24.334Z] GET /api/message
[2025-07-28T10:49:34.607Z] GET /api/message
[2025-07-28T10:49:44.890Z] GET /api/message
[2025-07-28T10:49:55.139Z] GET /api/message
[2025-07-28T10:50:05.397Z] GET /api/message
[2025-07-28T10:50:15.695Z] GET /api/message
[2025-07-28T10:50:26.098Z] GET /api/message
[2025-07-28T10:50:36.438Z] GET /api/message
[2025-07-28T10:50:46.703Z] GET /api/message
[2025-07-28T10:50:56.948Z] GET /api/message
[2025-07-28T10:51:07.192Z] GET /api/message
[2025-07-28T10:51:17.436Z] GET /api/message
[2025-07-28T10:51:27.680Z] GET /api/message
[2025-07-28T10:51:37.926Z] GET /api/message
[2025-07-28T10:51:48.170Z] GET /api/message
[2025-07-28T10:51:58.413Z] GET /api/message
[2025-07-28T10:52:08.663Z] GET /api/message
[2025-07-28T10:52:18.915Z] GET /api/message
[2025-07-28T10:52:29.165Z] GET /api/message
[2025-07-28T10:52:39.410Z] GET /api/message
[2025-07-28T10:52:49.667Z] GET /api/message
[2025-07-28T10:52:59.923Z] GET /api/message
[2025-07-28T10:53:10.163Z] GET /api/message
[2025-07-28T10:53:20.426Z] GET /api/message
[2025-07-28T10:53:30.700Z] GET /api/message
[2025-07-28T10:53:40.941Z] GET /api/message
[2025-07-28T10:53:51.184Z] GET /api/message
[2025-07-28T10:54:01.425Z] GET /api/message
[2025-07-28T10:54:11.673Z] GET /api/message
[2025-07-28T10:54:21.922Z] GET /api/message
[2025-07-28T10:54:32.180Z] GET /api/message
[2025-07-28T10:54:42.438Z] GET /api/message
[2025-07-28T10:54:52.744Z] GET /api/message
[2025-07-28T10:55:02.987Z] GET /api/message
[2025-07-28T10:55:13.225Z] GET /api/message
[2025-07-28T10:55:23.458Z] GET /api/message
[2025-07-28T10:55:33.697Z] GET /api/message
[2025-07-28T10:55:43.940Z] GET /api/message
[2025-07-28T10:55:54.169Z] GET /api/message
[2025-07-28T10:56:04.399Z] GET /api/message
[2025-07-28T10:56:14.641Z] GET /api/message
[2025-07-28T10:56:24.897Z] GET /api/message
[2025-07-28T10:56:35.131Z] GET /api/message
[2025-07-28T10:56:45.373Z] GET /api/message
[2025-07-28T10:56:55.605Z] GET /api/message
[2025-07-28T10:57:05.836Z] GET /api/message
[2025-07-28T10:57:16.068Z] GET /api/message
[2025-07-28T10:57:26.304Z] GET /api/message
[2025-07-28T10:57:36.554Z] GET /api/message
[2025-07-28T10:57:46.818Z] GET /api/message
[2025-07-28T10:57:57.046Z] GET /api/message
[2025-07-28T10:58:07.274Z] GET /api/message
[2025-07-28T10:58:17.510Z] GET /api/message
[2025-07-28T10:58:27.747Z] GET /api/message
[2025-07-28T10:58:37.979Z] GET /api/message
[2025-07-28T10:58:48.208Z] GET /api/message
[2025-07-28T10:58:58.437Z] GET /api/message
[2025-07-28T10:59:08.669Z] GET /api/message
[2025-07-28T10:59:18.912Z] GET /api/message
[2025-07-28T10:59:29.144Z] GET /api/message
[2025-07-28T10:59:39.375Z] GET /api/message
[2025-07-28T10:59:49.616Z] GET /api/message
[2025-07-28T10:59:59.882Z] GET /api/message
[2025-07-28T11:00:10.197Z] GET /api/message
[2025-07-28T11:12:44.135Z] GET /api/message
[2025-07-28T11:12:54.439Z] GET /api/message
[2025-07-28T11:13:04.625Z] GET /api/message
[2025-07-28T11:13:14.862Z] GET /api/message
[2025-07-28T11:13:25.098Z] GET /api/message
[2025-07-28T11:13:35.329Z] GET /api/message
[2025-07-28T11:13:45.566Z] GET /api/message
[2025-07-28T11:13:55.799Z] GET /api/message
[2025-07-28T11:14:06.046Z] GET /api/message
[2025-07-28T11:14:16.285Z] GET /api/message
[2025-07-28T11:14:26.519Z] GET /api/message
[2025-07-28T11:14:36.769Z] GET /api/message
[2025-07-28T11:14:47.006Z] GET /api/message
[2025-07-28T11:14:57.236Z] GET /api/message
[2025-07-28T11:15:07.483Z] GET /api/message
[2025-07-28T11:15:17.735Z] GET /api/message
[2025-07-28T11:15:27.974Z] GET /api/message
[2025-07-28T11:15:38.219Z] GET /api/message
[2025-07-28T11:15:48.451Z] GET /api/message
[2025-07-28T11:15:58.698Z] GET /api/message
[2025-07-28T11:16:08.932Z] GET /api/message
[2025-07-28T11:16:19.169Z] GET /api/message
[2025-07-28T11:16:29.402Z] GET /api/message
[2025-07-28T11:16:39.636Z] GET /api/message
[2025-07-28T11:16:49.866Z] GET /api/message
[2025-07-28T11:17:00.113Z] GET /api/message
[2025-07-28T11:17:10.293Z] GET /api/message
[2025-07-28T11:17:20.490Z] GET /api/message
[2025-07-28T11:17:30.740Z] GET /api/message
[2025-07-28T11:17:41.016Z] GET /api/message
[2025-07-28T11:17:51.249Z] GET /api/message
[2025-07-28T11:18:01.485Z] GET /api/message
[2025-07-28T11:18:11.691Z] GET /api/message
[2025-07-28T11:18:21.969Z] GET /api/message
[2025-07-28T11:18:32.203Z] GET /api/message
[2025-07-28T11:18:42.439Z] GET /api/message
[2025-07-28T11:18:52.732Z] GET /api/message
[2025-07-28T11:19:02.963Z] GET /api/message
[2025-07-28T11:19:13.201Z] GET /api/message
[2025-07-28T11:19:23.433Z] GET /api/message
[2025-07-28T11:19:33.688Z] GET /api/message
[2025-07-28T11:19:43.927Z] GET /api/message
[2025-07-28T11:19:54.171Z] GET /api/message
[2025-07-28T11:20:04.422Z] GET /api/message
[2025-07-28T11:20:14.679Z] GET /api/message
[2025-07-28T11:20:24.934Z] GET /api/message
[2025-07-28T11:20:35.168Z] GET /api/message
[2025-07-28T11:20:45.414Z] GET /api/message
[2025-07-28T11:20:55.652Z] GET /api/message
[2025-07-28T11:21:00.479Z] GET /api/message
[2025-07-28T11:21:04.389Z] GET /
[2025-07-28T11:21:05.886Z] GET /api/message
[2025-07-28T11:21:14.350Z] GET /api/user
[2025-07-28T11:21:16.152Z] GET /api/message
[2025-07-28T11:21:17.045Z] GET /api/users
[2025-07-28T11:21:26.415Z] GET /api/message
[2025-07-28T11:21:36.670Z] GET /api/message
[2025-07-28T11:21:46.903Z] GET /api/message
[2025-07-28T11:21:57.137Z] GET /api/message
[2025-07-28T11:22:07.384Z] GET /api/message
[2025-07-28T11:22:17.656Z] GET /api/message
[2025-07-28T11:22:27.890Z] GET /api/message
[2025-07-28T11:22:38.138Z] GET /api/message
[2025-07-28T11:22:48.438Z] GET /api/message
[2025-07-28T11:22:58.740Z] GET /api/message
[2025-07-28T11:23:09.078Z] GET /api/message
[2025-07-28T11:23:19.313Z] GET /api/message
[2025-07-28T11:23:29.545Z] GET /api/message
[2025-07-28T11:23:39.780Z] GET /api/message
[2025-07-28T11:23:50.009Z] GET /api/message
[2025-07-28T11:24:00.248Z] GET /api/message
[2025-07-28T11:24:10.481Z] GET /api/message
[2025-07-28T11:24:20.729Z] GET /api/message
[2025-07-28T11:24:30.969Z] GET /api/message
[2025-07-28T11:24:41.207Z] GET /api/message
[2025-07-28T11:24:51.438Z] GET /api/message
[2025-07-28T11:25:01.670Z] GET /api/message
[2025-07-28T11:25:11.906Z] GET /api/message
[2025-07-28T11:25:22.137Z] GET /api/message
[2025-07-28T11:25:32.381Z] GET /api/message
[2025-07-28T11:25:42.613Z] GET /api/message
[2025-07-28T11:25:52.841Z] GET /api/message
[2025-07-28T11:26:03.073Z] GET /api/message
[2025-07-28T11:26:13.307Z] GET /api/message
[2025-07-28T11:26:23.540Z] GET /api/message
[2025-07-28T11:26:33.775Z] GET /api/message
[2025-07-28T11:26:44.007Z] GET /api/message
[2025-07-28T11:26:54.240Z] GET /api/message
[2025-07-28T11:27:04.471Z] GET /api/message
[2025-07-28T11:27:14.707Z] GET /api/message
[2025-07-28T11:27:24.960Z] GET /api/message
[2025-07-28T11:27:35.196Z] GET /api/message
[2025-07-28T11:27:45.437Z] GET /api/message
[2025-07-28T11:27:55.673Z] GET /api/message
[2025-07-28T11:28:05.904Z] GET /api/message
[2025-07-28T11:28:16.144Z] GET /api/message
[2025-07-28T11:28:26.376Z] GET /api/message
[2025-07-28T11:28:36.619Z] GET /api/message
[2025-07-28T11:28:46.851Z] GET /api/message
[2025-07-28T11:28:57.095Z] GET /api/message
[2025-07-28T11:29:07.339Z] GET /api/message
[2025-07-28T11:29:17.534Z] GET /api/message
[2025-07-28T11:29:27.779Z] GET /api/message
[2025-07-28T11:29:38.019Z] GET /api/message
[2025-07-28T11:29:48.265Z] GET /api/message
[2025-07-28T11:29:58.494Z] GET /api/message
[2025-07-28T11:30:08.753Z] GET /api/message
[2025-07-28T11:30:19.018Z] GET /api/message
[2025-07-28T11:30:29.285Z] GET /api/message
[2025-07-28T11:30:39.536Z] GET /api/message
[2025-07-28T11:30:49.794Z] GET /api/message
[2025-07-28T11:31:00.029Z] GET /api/message
[2025-07-28T11:31:10.264Z] GET /api/message
[2025-07-28T11:31:20.508Z] GET /api/message
[2025-07-28T11:31:30.743Z] GET /api/message
[2025-07-28T11:31:40.975Z] GET /api/message
[2025-07-28T11:31:51.207Z] GET /api/message
[2025-07-28T11:32:01.437Z] GET /api/message
[2025-07-28T11:32:11.693Z] GET /api/message
[2025-07-28T11:32:21.929Z] GET /api/message
[2025-07-28T11:32:32.191Z] GET /api/message
[2025-07-28T11:32:42.425Z] GET /api/message
[2025-07-28T11:32:52.770Z] GET /api/message
[2025-07-28T11:33:03.001Z] GET /api/message
[2025-07-28T11:33:13.246Z] GET /api/message
[2025-07-28T11:33:23.554Z] GET /api/message
[2025-07-28T11:33:33.814Z] GET /api/message
[2025-07-28T11:33:44.060Z] GET /api/message
[2025-07-28T11:33:54.311Z] GET /api/message
[2025-07-28T11:34:04.554Z] GET /api/message
[2025-07-28T11:34:14.823Z] GET /api/message
[2025-07-28T11:34:25.063Z] GET /api/message
[2025-07-28T11:34:35.294Z] GET /api/message
[2025-07-28T11:34:45.537Z] GET /api/message
[2025-07-28T11:34:55.773Z] GET /api/message
[2025-07-28T11:35:06.004Z] GET /api/message
[2025-07-28T11:35:16.265Z] GET /api/message
[2025-07-28T11:35:26.512Z] GET /api/message
[2025-07-28T11:35:36.748Z] GET /api/message
[2025-07-28T11:35:47.026Z] GET /api/message
[2025-07-28T11:35:57.280Z] GET /api/message
[2025-07-28T11:36:07.538Z] GET /api/message
[2025-07-28T11:36:17.784Z] GET /api/message
[2025-07-28T11:36:28.018Z] GET /api/message
[2025-07-28T11:36:38.250Z] GET /api/message
[2025-07-28T11:36:48.483Z] GET /api/message
[2025-07-28T11:36:58.717Z] GET /api/message
[2025-07-28T11:37:08.953Z] GET /api/message
[2025-07-28T11:37:19.194Z] GET /api/message
[2025-07-28T11:37:29.421Z] GET /api/message
[2025-07-28T11:37:39.662Z] GET /api/message
[2025-07-28T11:37:49.910Z] GET /api/message
[2025-07-28T11:38:00.144Z] GET /api/message
[2025-07-28T11:38:10.394Z] GET /api/message
[2025-07-28T11:38:20.647Z] GET /api/message
[2025-07-28T11:38:30.916Z] GET /api/message
[2025-07-28T11:38:41.151Z] GET /api/message
[2025-07-28T11:38:51.391Z] GET /api/message
[2025-07-28T11:39:01.639Z] GET /api/message
[2025-07-28T11:39:11.876Z] GET /api/message
[2025-07-28T11:39:22.122Z] GET /api/message
[2025-07-28T11:39:32.353Z] GET /api/message
[2025-07-28T11:39:42.585Z] GET /api/message
[2025-07-28T11:39:52.849Z] GET /api/message
[2025-07-28T11:40:03.084Z] GET /api/message
[2025-07-28T11:40:13.319Z] GET /api/message
[2025-07-28T11:40:23.554Z] GET /api/message
[2025-07-28T11:40:33.810Z] GET /api/message
[2025-07-28T11:40:44.052Z] GET /api/message
[2025-07-28T11:40:54.289Z] GET /api/message
[2025-07-28T11:41:04.533Z] GET /api/message
[2025-07-28T11:41:14.771Z] GET /api/message
[2025-07-28T11:41:25.012Z] GET /api/message
[2025-07-28T11:41:35.284Z] GET /api/message
[2025-07-28T11:41:45.514Z] GET /api/message
[2025-07-28T11:41:55.767Z] GET /api/message
[2025-07-28T11:42:06.009Z] GET /api/message
[2025-07-28T11:42:16.274Z] GET /api/message
[2025-07-28T11:42:26.526Z] GET /api/message
[2025-07-28T11:42:36.841Z] GET /api/message
[2025-07-28T11:42:47.107Z] GET /api/message
[2025-07-28T11:42:57.340Z] GET /api/message
[2025-07-28T11:43:07.580Z] GET /api/message
[2025-07-28T11:43:17.832Z] GET /api/message
[2025-07-28T11:43:28.070Z] GET /api/message
[2025-07-28T11:43:38.392Z] GET /api/message
[2025-07-28T11:43:48.632Z] GET /api/message
[2025-07-28T11:43:58.878Z] GET /api/message
[2025-07-28T11:44:09.113Z] GET /api/message
[2025-07-28T11:44:19.341Z] GET /api/message
[2025-07-28T11:44:29.589Z] GET /api/message
[2025-07-28T11:44:39.826Z] GET /api/message
[2025-07-28T11:44:50.061Z] GET /api/message
[2025-07-28T11:45:00.295Z] GET /api/message
[2025-07-28T11:45:10.526Z] GET /api/message
[2025-07-28T11:45:20.771Z] GET /api/message
[2025-07-28T11:45:31.024Z] GET /api/message
[2025-07-28T11:45:41.264Z] GET /api/message
[2025-07-28T11:45:51.508Z] GET /api/message
[2025-07-28T11:46:01.746Z] GET /api/message
[2025-07-28T11:46:11.994Z] GET /api/message
[2025-07-28T11:46:22.248Z] GET /api/message
[2025-07-28T11:46:32.480Z] GET /api/message
[2025-07-28T11:46:42.723Z] GET /api/message
[2025-07-28T11:46:52.972Z] GET /api/message
[2025-07-28T11:47:03.218Z] GET /api/message
[2025-07-28T11:47:13.458Z] GET /api/message
[2025-07-28T11:47:23.702Z] GET /api/message
[2025-07-28T11:47:33.942Z] GET /api/message
[2025-07-28T11:47:44.213Z] GET /api/message
[2025-07-28T11:47:54.459Z] GET /api/message
[2025-07-28T11:48:04.713Z] GET /api/message
[2025-07-28T11:48:14.960Z] GET /api/message
[2025-07-28T11:48:25.206Z] GET /api/message
[2025-07-28T11:48:35.445Z] GET /api/message
[2025-07-28T11:48:45.698Z] GET /api/message
[2025-07-28T11:48:55.948Z] GET /api/message
[2025-07-28T11:49:06.192Z] GET /api/message
[2025-07-28T11:49:16.461Z] GET /api/message
[2025-07-28T11:49:26.721Z] GET /api/message
[2025-07-28T11:49:36.955Z] GET /api/message
[2025-07-28T11:49:47.203Z] GET /api/message
[2025-07-28T11:49:57.468Z] GET /api/message
[2025-07-28T11:50:07.735Z] GET /api/message
[2025-07-28T11:50:17.972Z] GET /api/message
[2025-07-28T11:50:28.232Z] GET /api/message
[2025-07-28T11:50:38.472Z] GET /api/message
[2025-07-28T11:50:48.729Z] GET /api/message
[2025-07-28T11:50:58.962Z] GET /api/message
[2025-07-28T11:51:09.208Z] GET /api/message
[2025-07-28T11:51:19.448Z] GET /api/message
[2025-07-28T11:51:29.713Z] GET /api/message
[2025-07-28T11:51:39.963Z] GET /api/message
[2025-07-28T11:51:50.211Z] GET /api/message
[2025-07-28T11:52:00.459Z] GET /api/message
[2025-07-28T11:52:10.706Z] GET /api/message
[2025-07-28T11:52:21.065Z] GET /api/message
[2025-07-28T11:52:31.332Z] GET /api/message
[2025-07-28T11:52:41.570Z] GET /api/message
[2025-07-28T11:52:51.821Z] GET /api/message
[2025-07-28T11:53:02.087Z] GET /api/message
[2025-07-28T11:53:12.358Z] GET /api/message
[2025-07-28T11:53:22.612Z] GET /api/message
[2025-07-28T11:53:32.881Z] GET /api/message
[2025-07-28T11:53:43.095Z] GET /api/message
[2025-07-28T11:53:53.373Z] GET /api/message
[2025-07-28T11:54:03.661Z] GET /api/message
[2025-07-28T11:54:13.890Z] GET /api/message
[2025-07-28T11:54:24.082Z] GET /api/message
[2025-07-28T11:54:34.279Z] GET /api/message
[2025-07-28T11:54:44.498Z] GET /api/message
[2025-07-28T11:54:54.707Z] GET /api/message
[2025-07-28T11:55:04.939Z] GET /api/message
[2025-07-28T11:55:15.181Z] GET /api/message
[2025-07-28T11:55:25.474Z] GET /api/message
[2025-07-28T11:55:35.754Z] GET /api/message
[2025-07-28T11:55:46.037Z] GET /api/message
[2025-07-28T11:55:56.292Z] GET /api/message
[2025-07-28T11:56:06.561Z] GET /api/message
[2025-07-28T11:56:16.864Z] GET /api/message
[2025-07-28T11:56:27.053Z] GET /api/message
[2025-07-28T11:56:37.292Z] GET /api/message
[2025-07-28T11:56:47.544Z] GET /api/message
[2025-07-28T11:56:57.796Z] GET /api/message
[2025-07-28T11:57:08.048Z] GET /api/message
[2025-07-28T11:57:18.311Z] GET /api/message
[2025-07-28T11:57:28.548Z] GET /api/message
[2025-07-28T11:57:38.810Z] GET /api/message
[2025-07-28T11:57:49.112Z] GET /api/message
[2025-07-28T11:57:59.347Z] GET /api/message
[2025-07-28T11:58:09.604Z] GET /api/message
[2025-07-28T11:58:19.868Z] GET /api/message
[2025-07-28T11:58:30.126Z] GET /api/message
[2025-07-28T11:58:40.386Z] GET /api/message
[2025-07-28T11:58:50.638Z] GET /api/message
[2025-07-28T11:59:00.871Z] GET /api/message
[2025-07-28T11:59:11.102Z] GET /api/message
[2025-07-28T11:59:21.346Z] GET /api/message
[2025-07-28T11:59:31.588Z] GET /api/message
[2025-07-28T11:59:41.856Z] GET /api/message
[2025-07-28T11:59:52.094Z] GET /api/message
[2025-07-28T12:00:02.342Z] GET /api/message
[2025-07-28T12:00:12.580Z] GET /api/message
[2025-07-28T12:00:22.852Z] GET /api/message
[2025-07-28T12:00:33.116Z] GET /api/message
[2025-07-28T12:00:43.354Z] GET /api/message
[2025-07-28T12:00:53.598Z] GET /api/message
[2025-07-28T12:01:03.889Z] GET /api/message
[2025-07-28T12:01:14.153Z] GET /api/message
[2025-07-28T12:01:24.403Z] GET /api/message
[2025-07-28T12:01:34.670Z] GET /api/message
[2025-07-28T12:01:44.948Z] GET /api/message
[2025-07-28T12:01:55.271Z] GET /api/message
[2025-07-28T12:02:05.547Z] GET /api/message
[2025-07-28T12:02:15.789Z] GET /api/message
[2025-07-28T12:02:26.038Z] GET /api/message
[2025-07-28T12:02:36.282Z] GET /api/message
[2025-07-28T12:02:46.526Z] GET /api/message
[2025-07-28T12:02:56.805Z] GET /api/message
[2025-07-28T12:03:07.044Z] GET /api/message
[2025-07-28T12:03:17.298Z] GET /api/message
[2025-07-28T12:03:27.553Z] GET /api/message
[2025-07-28T12:03:37.820Z] GET /api/message
[2025-07-28T12:03:48.070Z] GET /api/message
[2025-07-28T12:03:58.357Z] GET /api/message
[2025-07-28T12:04:08.738Z] GET /api/message
[2025-07-28T12:04:19.016Z] GET /api/message
[2025-07-28T12:04:29.265Z] GET /api/message
[2025-07-28T12:04:39.502Z] GET /api/message
[2025-07-28T12:04:49.759Z] GET /api/message
[2025-07-28T12:05:00.004Z] GET /api/message
[2025-07-28T12:05:10.244Z] GET /api/message
[2025-07-28T12:05:20.483Z] GET /api/message
[2025-07-28T12:05:30.726Z] GET /api/message
[2025-07-28T12:05:41.025Z] GET /api/message
[2025-07-28T12:05:51.300Z] GET /api/message
[2025-07-28T12:06:01.548Z] GET /api/message
[2025-07-28T12:06:11.805Z] GET /api/message
[2025-07-28T12:06:22.074Z] GET /api/message
[2025-07-28T12:06:32.341Z] GET /api/message
[2025-07-28T12:06:42.596Z] GET /api/message
[2025-07-28T12:06:52.887Z] GET /api/message
[2025-07-28T12:07:03.133Z] GET /api/message
[2025-07-28T12:07:13.394Z] GET /api/message
[2025-07-28T12:07:23.630Z] GET /api/message
[2025-07-28T12:07:33.894Z] GET /api/message
[2025-07-28T12:07:44.156Z] GET /api/message
[2025-07-28T12:07:54.439Z] GET /api/message
[2025-07-28T12:08:04.715Z] GET /api/message
[2025-07-28T12:08:15.021Z] GET /api/message
[2025-07-28T12:08:25.248Z] GET /api/message
[2025-07-28T12:08:35.596Z] GET /api/message
[2025-07-28T12:08:45.917Z] GET /api/message
[2025-07-28T12:08:56.174Z] GET /api/message
[2025-07-28T12:09:06.450Z] GET /api/message
[2025-07-28T12:09:16.713Z] GET /api/message
[2025-07-28T12:09:26.980Z] GET /api/message
[2025-07-28T12:09:37.236Z] GET /api/message
[2025-07-28T12:09:47.491Z] GET /api/message
[2025-07-28T12:09:57.754Z] GET /api/message
[2025-07-28T12:10:08.004Z] GET /api/message
[2025-07-28T12:10:18.255Z] GET /api/message
[2025-07-28T12:10:28.545Z] GET /api/message
[2025-07-28T12:10:38.855Z] GET /api/message
[2025-07-28T12:10:49.173Z] GET /api/message
[2025-07-28T12:10:59.519Z] GET /api/message
[2025-07-28T12:11:09.794Z] GET /api/message
[2025-07-28T12:11:20.040Z] GET /api/message
[2025-07-28T12:11:30.282Z] GET /api/message
[2025-07-28T12:11:40.528Z] GET /api/message
[2025-07-28T12:11:50.813Z] GET /api/message
[2025-07-28T12:12:01.055Z] GET /api/message
[2025-07-28T12:12:11.308Z] GET /api/message
[2025-07-28T12:12:21.703Z] GET /api/message
[2025-07-28T12:12:31.965Z] GET /api/message
[2025-07-28T12:12:42.247Z] GET /api/message
[2025-07-28T12:12:52.500Z] GET /api/message
[2025-07-28T12:13:02.756Z] GET /api/message
[2025-07-28T12:13:13.024Z] GET /api/message
[2025-07-28T12:13:23.262Z] GET /api/message
[2025-07-28T12:13:33.561Z] GET /api/message
[2025-07-28T12:13:43.984Z] GET /api/message
[2025-07-28T12:13:54.226Z] GET /api/message
[2025-07-28T12:14:04.470Z] GET /api/message
[2025-07-28T12:14:14.722Z] GET /api/message
[2025-07-28T12:14:24.964Z] GET /api/message
[2025-07-28T12:14:35.206Z] GET /api/message
[2025-07-28T12:14:45.453Z] GET /api/message
[2025-07-28T12:14:55.699Z] GET /api/message
[2025-07-28T12:15:05.946Z] GET /api/message
[2025-07-28T12:15:16.217Z] GET /api/message
[2025-07-28T12:15:26.468Z] GET /api/message
[2025-07-28T12:15:36.736Z] GET /api/message
[2025-07-28T12:15:46.998Z] GET /api/message
[2025-07-28T12:15:57.239Z] GET /api/message
[2025-07-28T12:16:07.483Z] GET /api/message
[2025-07-28T12:16:17.722Z] GET /api/message
[2025-07-28T12:16:27.974Z] GET /api/message
[2025-07-28T12:16:38.232Z] GET /api/message
[2025-07-28T12:16:48.480Z] GET /api/message
[2025-07-28T12:16:58.730Z] GET /api/message
[2025-07-28T12:17:08.981Z] GET /api/message
[2025-07-28T12:17:19.231Z] GET /api/message
[2025-07-28T12:17:29.480Z] GET /api/message
[2025-07-28T12:17:39.727Z] GET /api/message
[2025-07-28T12:17:49.985Z] GET /api/message
[2025-07-28T12:18:00.235Z] GET /api/message
[2025-07-28T12:18:10.485Z] GET /api/message
[2025-07-28T12:18:20.729Z] GET /api/message
[2025-07-28T12:18:30.975Z] GET /api/message
[2025-07-28T12:18:41.220Z] GET /api/message
[2025-07-28T12:18:51.472Z] GET /api/message
[2025-07-28T12:19:01.723Z] GET /api/message
[2025-07-28T12:19:12.015Z] GET /api/message
[2025-07-28T12:19:22.325Z] GET /api/message
[2025-07-28T12:19:32.639Z] GET /api/message
[2025-07-28T12:19:42.911Z] GET /api/message
[2025-07-28T12:19:53.154Z] GET /api/message
[2025-07-28T12:20:03.423Z] GET /api/message
[2025-07-28T12:20:13.774Z] GET /api/message
[2025-07-28T12:20:24.035Z] GET /api/message
[2025-07-28T12:20:34.293Z] GET /api/message
[2025-07-28T12:20:44.547Z] GET /api/message
[2025-07-28T12:20:54.793Z] GET /api/message
[2025-07-28T12:21:05.047Z] GET /api/message
[2025-07-28T12:21:15.362Z] GET /api/message
[2025-07-28T12:21:25.618Z] GET /api/message
[2025-07-28T12:21:35.876Z] GET /api/message
[2025-07-28T12:21:46.133Z] GET /api/message
[2025-07-28T12:21:56.388Z] GET /api/message
[2025-07-28T12:22:06.646Z] GET /api/message
[2025-07-28T12:22:16.895Z] GET /api/message
[2025-07-28T12:22:27.144Z] GET /api/message
[2025-07-28T12:22:37.401Z] GET /api/message
[2025-07-28T12:22:47.655Z] GET /api/message
[2025-07-28T12:22:57.903Z] GET /api/message
[2025-07-28T12:23:08.153Z] GET /api/message
[2025-07-28T12:23:18.399Z] GET /api/message
[2025-07-28T12:23:28.644Z] GET /api/message
[2025-07-28T12:23:38.893Z] GET /api/message
[2025-07-28T12:23:49.219Z] GET /api/message
[2025-07-28T12:23:59.466Z] GET /api/message
[2025-07-28T12:24:09.714Z] GET /api/message
[2025-07-28T12:24:19.968Z] GET /api/message
[2025-07-28T12:24:30.214Z] GET /api/message
[2025-07-28T12:24:40.461Z] GET /api/message
[2025-07-28T12:24:50.712Z] GET /api/message
[2025-07-28T12:25:00.965Z] GET /api/message
[2025-07-28T12:25:11.211Z] GET /api/message
[2025-07-28T12:25:21.458Z] GET /api/message
[2025-07-28T12:25:31.716Z] GET /api/message
[2025-07-28T12:25:42.029Z] GET /api/message
[2025-07-28T12:25:52.321Z] GET /api/message
[2025-07-28T12:26:02.566Z] GET /api/message
[2025-07-28T12:26:12.819Z] GET /api/message
[2025-07-28T12:26:23.065Z] GET /api/message
[2025-07-28T12:26:33.317Z] GET /api/message
[2025-07-28T12:26:43.564Z] GET /api/message
[2025-07-28T12:26:53.835Z] GET /api/message
[2025-07-28T12:27:04.089Z] GET /api/message
[2025-07-28T12:27:14.340Z] GET /api/message
[2025-07-28T12:27:24.590Z] GET /api/message
[2025-07-28T12:27:34.845Z] GET /api/message
[2025-07-28T12:27:45.108Z] GET /api/message
[2025-07-28T12:27:55.366Z] GET /api/message
[2025-07-28T12:28:05.620Z] GET /api/message
[2025-07-28T12:28:15.875Z] GET /api/message
[2025-07-28T12:28:26.124Z] GET /api/message
[2025-07-28T12:28:36.388Z] GET /api/message
[2025-07-28T12:28:46.674Z] GET /api/message
[2025-07-28T12:28:56.927Z] GET /api/message
[2025-07-28T12:29:07.269Z] GET /api/message
[2025-07-28T12:29:17.524Z] GET /api/message
[2025-07-28T12:29:27.804Z] GET /api/message
[2025-07-28T12:29:38.145Z] GET /api/message
[2025-07-28T12:29:48.392Z] GET /api/message
[2025-07-28T12:29:58.645Z] GET /api/message
[2025-07-28T12:30:08.908Z] GET /api/message
[2025-07-28T12:30:19.170Z] GET /api/message
[2025-07-28T12:30:29.436Z] GET /api/message
[2025-07-28T12:30:39.685Z] GET /api/message
[2025-07-28T12:30:49.959Z] GET /api/message
[2025-07-28T12:31:00.207Z] GET /api/message
[2025-07-28T12:31:10.458Z] GET /api/message
[2025-07-28T12:31:20.707Z] GET /api/message
[2025-07-28T12:31:30.958Z] GET /api/message
[2025-07-28T12:31:41.211Z] GET /api/message
[2025-07-28T12:31:51.486Z] GET /api/message
[2025-07-28T12:32:01.743Z] GET /api/message
[2025-07-28T12:32:11.998Z] GET /api/message
[2025-07-28T12:32:22.248Z] GET /api/message
[2025-07-28T12:32:32.527Z] GET /api/message
[2025-07-28T12:32:42.778Z] GET /api/message
[2025-07-28T12:32:53.027Z] GET /api/message
[2025-07-28T12:33:03.278Z] GET /api/message
[2025-07-28T12:33:13.590Z] GET /api/message
[2025-07-28T12:33:23.842Z] GET /api/message
[2025-07-28T12:33:34.097Z] GET /api/message
[2025-07-28T12:33:44.347Z] GET /api/message
[2025-07-28T12:33:54.619Z] GET /api/message
[2025-07-28T12:34:04.986Z] GET /api/message
[2025-07-28T12:34:15.250Z] GET /api/message
[2025-07-28T12:34:25.509Z] GET /api/message
[2025-07-28T12:34:35.757Z] GET /api/message
[2025-07-28T12:34:46.023Z] GET /api/message
[2025-07-28T12:34:56.282Z] GET /api/message
[2025-07-28T12:35:06.550Z] GET /api/message
[2025-07-28T12:35:16.849Z] GET /api/message
[2025-07-28T12:35:27.153Z] GET /api/message
[2025-07-28T12:35:37.421Z] GET /api/message
[2025-07-28T12:35:47.675Z] GET /api/message
[2025-07-28T12:35:57.931Z] GET /api/message
[2025-07-28T12:36:08.185Z] GET /api/message
[2025-07-28T12:36:18.442Z] GET /api/message
[2025-07-28T12:36:28.700Z] GET /api/message
[2025-07-28T12:36:38.959Z] GET /api/message
[2025-07-28T12:36:49.220Z] GET /api/message
[2025-07-28T12:36:59.470Z] GET /api/message
[2025-07-28T12:37:09.719Z] GET /api/message
[2025-07-28T12:37:19.982Z] GET /api/message
[2025-07-28T12:37:30.246Z] GET /api/message
[2025-07-28T12:37:40.488Z] GET /api/message
[2025-07-28T12:37:50.762Z] GET /api/message
[2025-07-28T12:38:01.021Z] GET /api/message
[2025-07-28T12:38:11.272Z] GET /api/message
[2025-07-28T12:38:21.589Z] GET /api/message
[2025-07-28T12:38:31.844Z] GET /api/message
[2025-07-28T12:38:42.191Z] GET /api/message
[2025-07-28T12:38:52.453Z] GET /api/message
[2025-07-28T12:39:02.701Z] GET /api/message
[2025-07-28T12:39:12.956Z] GET /api/message
[2025-07-28T12:39:23.210Z] GET /api/message
[2025-07-28T12:39:33.479Z] GET /api/message
[2025-07-28T12:39:43.733Z] GET /api/message
[2025-07-28T12:39:53.994Z] GET /api/message
[2025-07-28T12:40:04.252Z] GET /api/message
[2025-07-28T12:40:14.574Z] GET /api/message
[2025-07-28T12:40:24.841Z] GET /api/message
[2025-07-28T12:40:35.094Z] GET /api/message
[2025-07-28T12:40:45.355Z] GET /api/message
[2025-07-28T12:40:55.621Z] GET /api/message
[2025-07-28T12:41:05.880Z] GET /api/message
[2025-07-28T12:41:16.143Z] GET /api/message
[2025-07-28T12:41:26.400Z] GET /api/message
[2025-07-28T12:41:36.678Z] GET /api/message
[2025-07-28T12:41:46.930Z] GET /api/message
[2025-07-28T12:41:57.219Z] GET /api/message
[2025-07-28T12:42:07.490Z] GET /api/message
[2025-07-28T12:42:17.771Z] GET /api/message
[2025-07-28T12:42:28.041Z] GET /api/message
[2025-07-28T12:42:38.294Z] GET /api/message
[2025-07-28T12:42:48.547Z] GET /api/message
[2025-07-28T12:42:58.807Z] GET /api/message
[2025-07-28T12:43:09.117Z] GET /api/message
[2025-07-28T12:43:19.373Z] GET /api/message
[2025-07-28T12:43:29.609Z] GET /api/message
[2025-07-28T12:43:39.868Z] GET /api/message
[2025-07-28T12:43:50.184Z] GET /api/message
[2025-07-28T12:44:00.518Z] GET /api/message
[2025-07-28T12:44:10.772Z] GET /api/message
[2025-07-28T12:44:21.097Z] GET /api/message
[2025-07-28T12:44:31.341Z] GET /api/message
[2025-07-28T12:44:41.600Z] GET /api/message
[2025-07-28T12:44:51.862Z] GET /api/message
[2025-07-28T12:45:02.126Z] GET /api/message
[2025-07-28T12:45:12.382Z] GET /api/message
[2025-07-28T12:45:22.693Z] GET /api/message
[2025-07-28T12:45:32.945Z] GET /api/message
[2025-07-28T12:45:43.195Z] GET /api/message
[2025-07-28T12:45:53.431Z] GET /api/message
[2025-07-28T12:46:03.679Z] GET /api/message
[2025-07-28T12:46:13.951Z] GET /api/message
[2025-07-28T12:46:24.217Z] GET /api/message
[2025-07-28T12:46:34.469Z] GET /api/message
[2025-07-28T12:46:44.727Z] GET /api/message
[2025-07-28T12:46:54.998Z] GET /api/message
[2025-07-28T12:47:05.259Z] GET /api/message
[2025-07-28T12:47:15.555Z] GET /api/message
[2025-07-28T12:47:25.809Z] GET /api/message
[2025-07-28T12:47:36.169Z] GET /api/message
[2025-07-28T12:47:46.417Z] GET /api/message
[2025-07-28T12:47:56.667Z] GET /api/message
[2025-07-28T12:48:06.926Z] GET /api/message
[2025-07-28T12:48:17.191Z] GET /api/message
[2025-07-28T12:48:27.438Z] GET /api/message
[2025-07-28T12:48:37.694Z] GET /api/message
[2025-07-28T12:48:47.953Z] GET /api/message
[2025-07-28T12:48:58.205Z] GET /api/message
[2025-07-28T12:49:08.468Z] GET /api/message
[2025-07-28T12:49:18.759Z] GET /api/message
[2025-07-28T12:49:29.023Z] GET /api/message
[2025-07-28T12:49:39.280Z] GET /api/message
[2025-07-28T12:49:49.541Z] GET /api/message
[2025-07-28T12:49:59.807Z] GET /api/message
[2025-07-28T12:50:10.058Z] GET /api/message
[2025-07-28T12:50:20.315Z] GET /api/message
[2025-07-28T12:50:30.564Z] GET /api/message
[2025-07-28T12:50:40.814Z] GET /api/message
[2025-07-28T12:50:51.075Z] GET /api/message
[2025-07-28T12:51:01.349Z] GET /api/message
[2025-07-28T12:51:11.607Z] GET /api/message
[2025-07-28T12:51:21.869Z] GET /api/message
[2025-07-28T12:51:32.126Z] GET /api/message
[2025-07-28T12:51:42.376Z] GET /api/message
[2025-07-28T12:51:52.702Z] GET /api/message
[2025-07-28T12:52:02.998Z] GET /api/message
[2025-07-28T12:52:13.251Z] GET /api/message
[2025-07-28T12:52:23.506Z] GET /api/message
[2025-07-28T12:52:33.784Z] GET /api/message
[2025-07-28T12:52:44.040Z] GET /api/message
[2025-07-28T12:52:54.309Z] GET /api/message
[2025-07-28T12:53:04.561Z] GET /api/message
[2025-07-28T12:53:14.818Z] GET /api/message
[2025-07-28T12:53:25.089Z] GET /api/message
[2025-07-28T12:53:35.358Z] GET /api/message
[2025-07-28T12:53:45.620Z] GET /api/message
[2025-07-28T12:53:55.872Z] GET /api/message
[2025-07-28T12:54:06.243Z] GET /api/message
[2025-07-28T12:54:16.585Z] GET /api/message
[2025-07-28T12:54:26.840Z] GET /api/message
[2025-07-28T12:54:37.100Z] GET /api/message
[2025-07-28T12:54:47.348Z] GET /api/message
[2025-07-28T12:54:57.605Z] GET /api/message
[2025-07-28T12:55:07.858Z] GET /api/message
[2025-07-28T12:55:18.108Z] GET /api/message
[2025-07-28T12:55:28.272Z] GET /api/message
[2025-07-28T12:55:38.442Z] GET /api/message
[2025-07-28T12:55:48.601Z] GET /api/message
[2025-07-28T12:55:58.760Z] GET /api/message
[2025-07-28T12:56:08.920Z] GET /api/message
[2025-07-28T12:56:19.086Z] GET /api/message
[2025-07-28T12:56:29.243Z] GET /api/message
[2025-07-28T12:56:39.405Z] GET /api/message
[2025-07-28T12:56:49.595Z] GET /api/message
[2025-07-28T12:56:59.786Z] GET /api/message
[2025-07-28T12:57:10.002Z] GET /api/message
[2025-07-28T12:57:20.164Z] GET /api/message
[2025-07-28T12:57:30.323Z] GET /api/message
[2025-07-28T12:57:40.485Z] GET /api/message
[2025-07-28T12:57:50.696Z] GET /api/message
[2025-07-28T12:58:00.855Z] GET /api/message
[2025-07-28T12:58:11.017Z] GET /api/message
[2025-07-28T12:58:21.173Z] GET /api/message
[2025-07-28T12:58:31.332Z] GET /api/message
[2025-07-28T12:58:41.498Z] GET /api/message
[2025-07-28T12:58:51.656Z] GET /api/message
[2025-07-28T12:59:01.812Z] GET /api/message
[2025-07-28T12:59:11.970Z] GET /api/message
[2025-07-28T12:59:22.131Z] GET /api/message
[2025-07-28T12:59:32.303Z] GET /api/message
[2025-07-28T12:59:42.455Z] GET /api/message
[2025-07-28T12:59:52.622Z] GET /api/message
[2025-07-28T13:00:02.784Z] GET /api/message
[2025-07-28T13:00:12.959Z] GET /api/message
[2025-07-28T13:00:23.118Z] GET /api/message
[2025-07-28T13:00:33.280Z] GET /api/message
[2025-07-28T13:00:43.440Z] GET /api/message
[2025-07-28T13:00:53.593Z] GET /api/message
[2025-07-28T13:01:03.748Z] GET /api/message
[2025-07-28T13:01:13.904Z] GET /api/message
[2025-07-28T13:01:24.060Z] GET /api/message
[2025-07-28T13:01:34.222Z] GET /api/message
[2025-07-28T13:01:44.381Z] GET /api/message
[2025-07-28T13:01:54.531Z] GET /api/message
[2025-07-28T13:02:04.696Z] GET /api/message
[2025-07-28T13:02:14.856Z] GET /api/message
[2025-07-28T13:02:25.015Z] GET /api/message
[2025-07-28T13:02:35.170Z] GET /api/message
[2025-07-28T13:02:45.345Z] GET /api/message
[2025-07-28T13:02:55.503Z] GET /api/message
[2025-07-28T13:03:05.663Z] GET /api/message
[2025-07-28T13:03:15.819Z] GET /api/message
[2025-07-28T13:03:25.983Z] GET /api/message
[2025-07-28T13:03:36.157Z] GET /api/message
[2025-07-28T13:03:46.323Z] GET /api/message
[2025-07-28T13:03:56.493Z] GET /api/message
[2025-07-28T13:04:06.658Z] GET /api/message
[2025-07-28T13:04:16.813Z] GET /api/message
[2025-07-28T13:04:26.973Z] GET /api/message
[2025-07-28T13:04:37.130Z] GET /api/message
[2025-07-28T13:04:47.298Z] GET /api/message
[2025-07-28T13:04:57.457Z] GET /api/message
[2025-07-28T13:05:07.613Z] GET /api/message
[2025-07-28T13:05:17.767Z] GET /api/message
[2025-07-28T13:05:27.926Z] GET /api/message
[2025-07-28T13:05:38.099Z] GET /api/message
[2025-07-28T13:05:48.285Z] GET /api/message
[2025-07-28T13:05:58.467Z] GET /api/message
[2025-07-28T13:06:08.625Z] GET /api/message
[2025-07-28T13:06:18.790Z] GET /api/message
[2025-07-28T13:06:28.957Z] GET /api/message
[2025-07-28T13:06:39.116Z] GET /api/message
[2025-07-28T13:06:49.291Z] GET /api/message
[2025-07-28T13:06:59.453Z] GET /api/message
[2025-07-28T13:07:09.621Z] GET /api/message
[2025-07-28T13:07:19.778Z] GET /api/message
[2025-07-28T13:07:29.936Z] GET /api/message
[2025-07-28T13:07:40.098Z] GET /api/message
[2025-07-28T13:07:50.264Z] GET /api/message
[2025-07-28T13:08:00.418Z] GET /api/message
[2025-07-28T13:08:10.577Z] GET /api/message
[2025-07-28T13:08:20.740Z] GET /api/message
[2025-07-28T13:08:30.897Z] GET /api/message
[2025-07-28T13:08:41.057Z] GET /api/message
[2025-07-28T13:08:51.253Z] GET /api/message
[2025-07-28T13:09:01.410Z] GET /api/message
[2025-07-28T13:09:11.570Z] GET /api/message
[2025-07-28T13:09:21.762Z] GET /api/message
[2025-07-28T13:09:31.928Z] GET /api/message
[2025-07-28T13:09:42.106Z] GET /api/message
[2025-07-28T13:09:52.267Z] GET /api/message
[2025-07-28T13:10:02.443Z] GET /api/message
[2025-07-28T13:10:12.606Z] GET /api/message
[2025-07-28T13:10:22.762Z] GET /api/message
[2025-07-28T13:10:32.936Z] GET /api/message
[2025-07-28T13:10:43.111Z] GET /api/message
[2025-07-28T13:10:53.267Z] GET /api/message
[2025-07-28T13:11:03.453Z] GET /api/message
[2025-07-28T13:11:13.666Z] GET /api/message
[2025-07-28T13:11:23.819Z] GET /api/message
[2025-07-28T13:11:34.017Z] GET /api/message
[2025-07-28T13:11:44.226Z] GET /api/message
[2025-07-28T13:11:54.388Z] GET /api/message
[2025-07-28T13:12:04.562Z] GET /api/message
[2025-07-28T13:12:14.724Z] GET /api/message
[2025-07-28T13:12:24.881Z] GET /api/message
[2025-07-28T13:12:35.042Z] GET /api/message
[2025-07-28T13:12:45.205Z] GET /api/message
[2025-07-28T13:12:55.359Z] GET /api/message
[2025-07-28T13:13:05.518Z] GET /api/message
[2025-07-28T13:13:15.673Z] GET /api/message
[2025-07-28T13:13:25.833Z] GET /api/message
[2025-07-28T13:13:35.991Z] GET /api/message
[2025-07-28T13:13:46.147Z] GET /api/message
[2025-07-28T13:13:56.306Z] GET /api/message
[2025-07-28T13:14:06.485Z] GET /api/message
[2025-07-28T13:14:16.652Z] GET /api/message
[2025-07-28T13:14:26.811Z] GET /api/message
[2025-07-28T13:14:36.975Z] GET /api/message
[2025-07-28T13:14:47.130Z] GET /api/message
[2025-07-28T13:14:57.294Z] GET /api/message
[2025-07-28T13:15:07.475Z] GET /api/message
[2025-07-28T13:15:17.642Z] GET /api/message
[2025-07-28T13:15:27.800Z] GET /api/message
[2025-07-28T13:15:37.969Z] GET /api/message
[2025-07-28T13:15:48.130Z] GET /api/message
[2025-07-28T13:15:58.287Z] GET /api/message
[2025-07-28T13:16:08.448Z] GET /api/message
[2025-07-28T13:16:18.622Z] GET /api/message
[2025-07-28T13:16:28.777Z] GET /api/message
[2025-07-28T13:16:38.932Z] GET /api/message
[2025-07-28T13:16:49.094Z] GET /api/message
[2025-07-28T13:16:59.278Z] GET /api/message
[2025-07-28T13:17:09.434Z] GET /api/message
[2025-07-28T13:17:19.602Z] GET /api/message
[2025-07-28T13:17:29.768Z] GET /api/message
[2025-07-28T13:17:39.928Z] GET /api/message
[2025-07-28T13:17:50.105Z] GET /api/message
[2025-07-28T13:18:00.266Z] GET /api/message
[2025-07-28T13:18:10.423Z] GET /api/message
[2025-07-28T13:18:20.582Z] GET /api/message
[2025-07-28T13:18:30.747Z] GET /api/message
[2025-07-28T13:18:40.900Z] GET /api/message
[2025-07-28T13:18:51.059Z] GET /api/message
[2025-07-28T13:19:01.218Z] GET /api/message
[2025-07-28T13:19:11.371Z] GET /api/message
[2025-07-28T13:19:21.580Z] GET /api/message
[2025-07-28T13:19:31.739Z] GET /api/message
[2025-07-28T13:19:41.901Z] GET /api/message
[2025-07-28T13:19:52.056Z] GET /api/message
[2025-07-28T13:20:02.214Z] GET /api/message
[2025-07-28T13:20:12.376Z] GET /api/message
[2025-07-28T13:20:22.532Z] GET /api/message
[2025-07-28T13:20:32.690Z] GET /api/message
[2025-07-28T13:20:42.862Z] GET /api/message
[2025-07-28T13:20:53.019Z] GET /api/message
[2025-07-28T13:21:03.197Z] GET /api/message
[2025-07-28T13:21:13.353Z] GET /api/message
[2025-07-28T13:21:23.506Z] GET /api/message
[2025-07-28T13:21:33.661Z] GET /api/message
[2025-07-28T13:21:43.823Z] GET /api/message
[2025-07-28T13:21:53.982Z] GET /api/message
[2025-07-28T13:22:04.155Z] GET /api/message
[2025-07-28T13:22:14.308Z] GET /api/message
[2025-07-28T13:22:24.479Z] GET /api/message
[2025-07-28T13:22:34.635Z] GET /api/message
[2025-07-28T13:22:44.793Z] GET /api/message
[2025-07-28T13:22:54.948Z] GET /api/message
[2025-07-28T13:23:05.140Z] GET /api/message
[2025-07-28T13:23:15.327Z] GET /api/message
[2025-07-28T13:23:25.489Z] GET /api/message
[2025-07-28T13:23:35.647Z] GET /api/message
[2025-07-28T13:23:45.803Z] GET /api/message
[2025-07-28T13:23:55.970Z] GET /api/message
[2025-07-28T13:24:06.128Z] GET /api/message
[2025-07-28T13:24:16.287Z] GET /api/message
[2025-07-28T13:24:26.463Z] GET /api/message
[2025-07-28T13:24:36.637Z] GET /api/message
[2025-07-28T13:24:46.794Z] GET /api/message
[2025-07-28T13:24:56.967Z] GET /api/message
[2025-07-28T13:25:07.143Z] GET /api/message
[2025-07-28T13:25:17.300Z] GET /api/message
[2025-07-28T13:25:27.461Z] GET /api/message
[2025-07-28T13:25:37.625Z] GET /api/message
[2025-07-28T13:25:47.784Z] GET /api/message
[2025-07-28T13:25:57.969Z] GET /api/message
[2025-07-28T13:26:08.152Z] GET /api/message
[2025-07-28T13:26:18.310Z] GET /api/message
[2025-07-28T13:26:28.488Z] GET /api/message
[2025-07-28T13:26:38.646Z] GET /api/message
[2025-07-28T13:26:48.862Z] GET /api/message
[2025-07-28T13:26:59.022Z] GET /api/message
[2025-07-28T13:27:09.185Z] GET /api/message
[2025-07-28T13:27:19.352Z] GET /api/message
[2025-07-28T13:27:29.513Z] GET /api/message
[2025-07-28T13:27:39.670Z] GET /api/message
[2025-07-28T13:27:49.848Z] GET /api/message
[2025-07-28T13:28:00.003Z] GET /api/message
[2025-07-28T13:28:10.168Z] GET /api/message
[2025-07-28T13:28:20.340Z] GET /api/message
[2025-07-28T13:28:30.554Z] GET /api/message
[2025-07-28T13:28:40.745Z] GET /api/message
[2025-07-28T13:28:50.905Z] GET /api/message
[2025-07-28T13:29:01.063Z] GET /api/message
[2025-07-28T13:29:11.227Z] GET /api/message
[2025-07-28T13:29:21.392Z] GET /api/message
[2025-07-28T13:29:31.552Z] GET /api/message
[2025-07-28T13:29:41.710Z] GET /api/message
[2025-07-28T13:29:51.863Z] GET /api/message
[2025-07-28T13:30:02.029Z] GET /api/message
[2025-07-28T13:30:12.184Z] GET /api/message
[2025-07-28T13:30:22.388Z] GET /api/message
[2025-07-28T13:30:32.546Z] GET /api/message
[2025-07-28T13:30:42.711Z] GET /api/message
[2025-07-28T13:30:52.867Z] GET /api/message
[2025-07-28T13:31:03.028Z] GET /api/message
[2025-07-28T13:31:13.198Z] GET /api/message
[2025-07-28T13:31:23.358Z] GET /api/message
[2025-07-28T13:31:33.515Z] GET /api/message
[2025-07-28T13:31:43.672Z] GET /api/message
[2025-07-28T13:31:53.830Z] GET /api/message
[2025-07-28T13:32:03.991Z] GET /api/message
[2025-07-28T13:32:14.153Z] GET /api/message
[2025-07-28T13:32:24.307Z] GET /api/message
[2025-07-28T13:32:34.468Z] GET /api/message
[2025-07-28T13:32:44.627Z] GET /api/message
[2025-07-28T13:32:54.784Z] GET /api/message
[2025-07-28T13:33:04.943Z] GET /api/message
[2025-07-28T13:33:15.104Z] GET /api/message
[2025-07-28T13:33:25.277Z] GET /api/message
[2025-07-28T13:33:35.440Z] GET /api/message
[2025-07-28T13:33:45.600Z] GET /api/message
[2025-07-28T13:33:55.754Z] GET /api/message
[2025-07-28T13:34:05.911Z] GET /api/message
[2025-07-28T13:34:16.108Z] GET /api/message
[2025-07-28T13:34:26.265Z] GET /api/message
[2025-07-28T13:34:36.433Z] GET /api/message
[2025-07-28T13:34:46.599Z] GET /api/message
[2025-07-28T13:34:56.760Z] GET /api/message
[2025-07-28T13:35:06.918Z] GET /api/message
[2025-07-28T13:35:17.083Z] GET /api/message
[2025-07-28T13:35:27.239Z] GET /api/message
[2025-07-28T13:35:37.400Z] GET /api/message
[2025-07-28T13:35:47.558Z] GET /api/message
[2025-07-28T13:35:57.719Z] GET /api/message
[2025-07-28T13:36:07.889Z] GET /api/message
[2025-07-28T13:36:18.046Z] GET /api/message
[2025-07-28T13:36:28.205Z] GET /api/message
[2025-07-28T13:36:38.382Z] GET /api/message
[2025-07-28T13:36:48.552Z] GET /api/message
[2025-07-28T13:36:58.713Z] GET /api/message
[2025-07-28T13:37:08.923Z] GET /api/message
[2025-07-28T13:37:19.108Z] GET /api/message
[2025-07-28T13:37:29.274Z] GET /api/message
[2025-07-28T13:37:39.436Z] GET /api/message
[2025-07-28T13:37:49.612Z] GET /api/message
[2025-07-28T13:37:59.773Z] GET /api/message
[2025-07-28T13:38:09.933Z] GET /api/message
[2025-07-28T13:38:20.089Z] GET /api/message
[2025-07-28T13:38:30.240Z] GET /api/message
[2025-07-28T13:38:40.398Z] GET /api/message
[2025-07-28T13:38:50.571Z] GET /api/message
[2025-07-28T13:39:00.730Z] GET /api/message
[2025-07-28T13:39:10.891Z] GET /api/message
[2025-07-28T13:39:21.046Z] GET /api/message
[2025-07-28T13:39:31.221Z] GET /api/message
[2025-07-28T13:39:41.378Z] GET /api/message
[2025-07-28T13:39:51.557Z] GET /api/message
[2025-07-28T13:40:01.719Z] GET /api/message
[2025-07-28T13:40:11.881Z] GET /api/message
[2025-07-28T13:40:22.066Z] GET /api/message
[2025-07-28T13:40:32.222Z] GET /api/message
[2025-07-28T13:40:42.385Z] GET /api/message
[2025-07-28T13:40:52.542Z] GET /api/message
[2025-07-28T13:41:02.717Z] GET /api/message
[2025-07-28T13:41:12.889Z] GET /api/message
[2025-07-28T13:41:23.047Z] GET /api/message
[2025-07-28T13:41:33.246Z] GET /api/message
[2025-07-28T13:41:43.453Z] GET /api/message
[2025-07-28T13:41:53.611Z] GET /api/message
[2025-07-28T13:42:03.771Z] GET /api/message
[2025-07-28T13:42:13.944Z] GET /api/message
[2025-07-28T13:42:24.099Z] GET /api/message
[2025-07-28T13:42:34.269Z] GET /api/message
[2025-07-28T13:42:44.432Z] GET /api/message
[2025-07-28T13:42:54.590Z] GET /api/message
[2025-07-28T13:43:04.749Z] GET /api/message
[2025-07-28T13:43:14.907Z] GET /api/message
[2025-07-28T13:43:25.073Z] GET /api/message
[2025-07-28T13:43:35.259Z] GET /api/message
[2025-07-28T13:43:45.447Z] GET /api/message
[2025-07-28T13:43:55.610Z] GET /api/message
[2025-07-28T13:44:05.795Z] GET /api/message
[2025-07-28T13:44:15.953Z] GET /api/message
[2025-07-28T13:44:26.111Z] GET /api/message
[2025-07-28T13:44:36.267Z] GET /api/message
[2025-07-28T13:44:46.428Z] GET /api/message
[2025-07-28T13:44:56.625Z] GET /api/message
[2025-07-28T13:45:06.823Z] GET /api/message
[2025-07-28T13:45:17.049Z] GET /api/message
[2025-07-28T13:45:27.207Z] GET /api/message
[2025-07-28T13:45:37.364Z] GET /api/message
[2025-07-28T13:45:47.526Z] GET /api/message
[2025-07-28T13:45:57.680Z] GET /api/message
[2025-07-28T13:46:07.841Z] GET /api/message
[2025-07-28T13:46:18.008Z] GET /api/message
[2025-07-28T13:46:28.167Z] GET /api/message
[2025-07-28T13:46:38.321Z] GET /api/message
[2025-07-28T13:46:48.475Z] GET /api/message
[2025-07-28T13:46:58.638Z] GET /api/message
[2025-07-28T13:47:08.791Z] GET /api/message
[2025-07-28T13:47:18.947Z] GET /api/message
[2025-07-28T13:47:29.103Z] GET /api/message
[2025-07-28T13:47:39.262Z] GET /api/message
[2025-07-28T13:47:49.423Z] GET /api/message
[2025-07-28T13:47:59.600Z] GET /api/message
[2025-07-28T13:48:09.757Z] GET /api/message
[2025-07-28T13:48:19.936Z] GET /api/message
[2025-07-28T13:48:30.101Z] GET /api/message
[2025-07-28T13:48:40.259Z] GET /api/message
[2025-07-28T13:48:50.419Z] GET /api/message
[2025-07-28T13:49:00.577Z] GET /api/message
[2025-07-28T13:49:10.737Z] GET /api/message
[2025-07-28T13:49:20.915Z] GET /api/message
[2025-07-28T13:49:31.089Z] GET /api/message
[2025-07-28T13:49:41.260Z] GET /api/message
[2025-07-28T13:49:51.418Z] GET /api/message
[2025-07-28T13:50:01.575Z] GET /api/message
[2025-07-28T13:50:11.732Z] GET /api/message
[2025-07-28T13:50:21.886Z] GET /api/message
[2025-07-28T13:50:32.048Z] GET /api/message
[2025-07-28T13:50:42.211Z] GET /api/message
[2025-07-28T13:50:52.368Z] GET /api/message
[2025-07-28T13:51:02.525Z] GET /api/message
[2025-07-28T13:51:12.687Z] GET /api/message
[2025-07-28T13:51:22.844Z] GET /api/message
[2025-07-28T13:51:33.002Z] GET /api/message
[2025-07-28T13:51:43.169Z] GET /api/message
[2025-07-28T13:51:53.324Z] GET /api/message
[2025-07-28T13:52:03.485Z] GET /api/message
[2025-07-28T13:52:13.645Z] GET /api/message
[2025-07-28T13:52:23.803Z] GET /api/message
[2025-07-28T13:52:33.962Z] GET /api/message
[2025-07-28T13:52:44.120Z] GET /api/message
[2025-07-28T13:52:54.274Z] GET /api/message
[2025-07-28T13:53:04.429Z] GET /api/message
[2025-07-28T13:53:14.629Z] GET /api/message
[2025-07-28T13:53:24.792Z] GET /api/message
[2025-07-28T13:53:34.953Z] GET /api/message
[2025-07-28T13:53:45.113Z] GET /api/message
[2025-07-28T13:53:55.299Z] GET /api/message
[2025-07-28T13:54:05.463Z] GET /api/message
[2025-07-28T13:54:15.619Z] GET /api/message
[2025-07-28T13:54:25.773Z] GET /api/message
[2025-07-28T13:54:35.930Z] GET /api/message
[2025-07-28T13:54:46.102Z] GET /api/message
[2025-07-28T13:54:56.272Z] GET /api/message
[2025-07-28T13:55:06.429Z] GET /api/message
[2025-07-28T13:55:16.583Z] GET /api/message
[2025-07-28T13:55:26.745Z] GET /api/message
[2025-07-28T13:55:36.900Z] GET /api/message
[2025-07-28T13:55:47.076Z] GET /api/message
[2025-07-28T13:55:57.235Z] GET /api/message
[2025-07-28T13:56:07.389Z] GET /api/message
[2025-07-28T13:56:17.560Z] GET /api/message
[2025-07-28T13:56:27.755Z] GET /api/message
[2025-07-28T13:56:37.952Z] GET /api/message
[2025-07-28T13:56:48.105Z] GET /api/message
[2025-07-28T13:56:58.265Z] GET /api/message
[2025-07-28T13:57:08.423Z] GET /api/message
[2025-07-28T13:57:18.578Z] GET /api/message
[2025-07-28T13:57:28.736Z] GET /api/message
[2025-07-28T13:57:38.890Z] GET /api/message
[2025-07-28T13:57:49.049Z] GET /api/message
[2025-07-28T13:57:59.208Z] GET /api/message
[2025-07-28T13:58:09.363Z] GET /api/message
[2025-07-28T13:58:19.525Z] GET /api/message
[2025-07-28T13:58:29.688Z] GET /api/message
[2025-07-28T13:58:39.849Z] GET /api/message
[2025-07-28T13:58:50.007Z] GET /api/message
[2025-07-28T13:59:00.162Z] GET /api/message
[2025-07-28T13:59:10.318Z] GET /api/message
[2025-07-28T13:59:20.476Z] GET /api/message
[2025-07-28T13:59:30.631Z] GET /api/message
[2025-07-28T13:59:40.787Z] GET /api/message
[2025-07-28T13:59:50.958Z] GET /api/message
[2025-07-28T14:00:01.114Z] GET /api/message
[2025-07-28T14:00:11.278Z] GET /api/message
[2025-07-28T14:00:21.436Z] GET /api/message
[2025-07-28T14:00:31.588Z] GET /api/message
[2025-07-28T14:00:41.743Z] GET /api/message
[2025-07-28T14:00:51.901Z] GET /api/message
[2025-07-28T14:01:02.059Z] GET /api/message
[2025-07-28T14:01:12.220Z] GET /api/message
[2025-07-28T14:01:22.392Z] GET /api/message
[2025-07-28T14:01:32.549Z] GET /api/message
[2025-07-28T14:01:42.710Z] GET /api/message
[2025-07-28T14:01:52.866Z] GET /api/message
[2025-07-28T14:02:03.024Z] GET /api/message
[2025-07-28T14:02:13.185Z] GET /api/message
[2025-07-28T14:02:23.343Z] GET /api/message
[2025-07-28T14:02:33.504Z] GET /api/message
[2025-07-28T14:02:43.751Z] GET /api/message
[2025-07-28T14:02:53.952Z] GET /api/message
[2025-07-28T14:03:04.107Z] GET /api/message
[2025-07-28T14:03:14.269Z] GET /api/message
[2025-07-28T14:03:24.426Z] GET /api/message
[2025-07-28T14:03:34.582Z] GET /api/message
[2025-07-28T14:03:44.737Z] GET /api/message
[2025-07-28T14:03:54.893Z] GET /api/message
[2025-07-28T14:04:05.049Z] GET /api/message
[2025-07-28T14:04:15.207Z] GET /api/message
[2025-07-28T14:04:25.363Z] GET /api/message
[2025-07-28T14:04:35.515Z] GET /api/message
[2025-07-28T14:04:45.671Z] GET /api/message
[2025-07-28T14:04:55.833Z] GET /api/message
[2025-07-28T14:05:05.990Z] GET /api/message
[2025-07-28T14:05:16.148Z] GET /api/message
[2025-07-28T14:05:26.302Z] GET /api/message
[2025-07-28T14:05:36.460Z] GET /api/message
[2025-07-28T14:05:46.614Z] GET /api/message
[2025-07-28T14:05:56.771Z] GET /api/message
[2025-07-28T14:06:06.931Z] GET /api/message
[2025-07-28T14:06:17.089Z] GET /api/message
[2025-07-28T14:06:27.250Z] GET /api/message
[2025-07-28T14:06:37.406Z] GET /api/message
[2025-07-28T14:06:47.565Z] GET /api/message
[2025-07-28T14:06:57.722Z] GET /api/message
[2025-07-28T14:07:07.879Z] GET /api/message
[2025-07-28T14:07:18.034Z] GET /api/message
[2025-07-28T14:07:28.196Z] GET /api/message
[2025-07-28T14:07:38.356Z] GET /api/message
[2025-07-28T14:07:48.527Z] GET /api/message
[2025-07-28T14:07:58.684Z] GET /api/message
[2025-07-28T14:08:08.844Z] GET /api/message
[2025-07-28T14:08:19.003Z] GET /api/message
[2025-07-28T14:08:29.155Z] GET /api/message
[2025-07-28T14:08:39.310Z] GET /api/message
[2025-07-28T14:08:49.476Z] GET /api/message
[2025-07-28T14:08:59.633Z] GET /api/message
[2025-07-28T14:09:09.792Z] GET /api/message
[2025-07-28T14:09:19.950Z] GET /api/message
[2025-07-28T14:09:30.106Z] GET /api/message
[2025-07-28T14:09:40.265Z] GET /api/message
[2025-07-28T14:09:50.426Z] GET /api/message
[2025-07-28T14:10:00.586Z] GET /api/message
[2025-07-28T14:10:10.742Z] GET /api/message
[2025-07-28T14:10:20.896Z] GET /api/message
[2025-07-28T14:10:31.072Z] GET /api/message
[2025-07-28T14:10:41.230Z] GET /api/message
[2025-07-28T14:10:51.400Z] GET /api/message
[2025-07-28T14:11:01.558Z] GET /api/message
[2025-07-28T14:11:11.717Z] GET /api/message
[2025-07-28T14:11:21.872Z] GET /api/message
[2025-07-28T14:11:32.033Z] GET /api/message
[2025-07-28T14:11:42.194Z] GET /api/message
[2025-07-28T14:11:52.459Z] GET /api/message
[2025-07-28T14:12:02.618Z] GET /api/message
[2025-07-28T14:12:12.785Z] GET /api/message
[2025-07-28T14:12:22.939Z] GET /api/message
[2025-07-28T14:12:33.095Z] GET /api/message
[2025-07-28T14:12:43.253Z] GET /api/message
[2025-07-28T14:12:53.411Z] GET /api/message
[2025-07-28T14:13:03.564Z] GET /api/message
[2025-07-28T14:13:13.721Z] GET /api/message
[2025-07-28T14:13:23.881Z] GET /api/message
[2025-07-28T14:13:34.040Z] GET /api/message
[2025-07-28T14:13:44.199Z] GET /api/message
[2025-07-28T14:13:54.350Z] GET /api/message
[2025-07-28T14:14:04.505Z] GET /api/message
[2025-07-28T14:14:14.664Z] GET /api/message
[2025-07-28T14:14:24.821Z] GET /api/message
[2025-07-28T14:14:34.977Z] GET /api/message
[2025-07-28T14:14:45.133Z] GET /api/message
[2025-07-28T14:14:55.290Z] GET /api/message
[2025-07-28T14:15:05.444Z] GET /api/message
[2025-07-28T14:15:15.604Z] GET /api/message
[2025-07-28T14:15:25.762Z] GET /api/message
[2025-07-28T14:15:35.920Z] GET /api/message
[2025-07-28T14:15:46.073Z] GET /api/message
[2025-07-28T14:15:56.231Z] GET /api/message
[2025-07-28T14:16:06.387Z] GET /api/message
[2025-07-28T14:16:16.541Z] GET /api/message
[2025-07-28T14:16:26.699Z] GET /api/message
[2025-07-28T14:16:36.856Z] GET /api/message
[2025-07-28T14:16:47.011Z] GET /api/message
[2025-07-28T14:16:57.175Z] GET /api/message
[2025-07-28T14:17:07.336Z] GET /api/message
[2025-07-28T14:17:17.511Z] GET /api/message
[2025-07-28T14:17:27.672Z] GET /api/message
[2025-07-28T14:17:37.831Z] GET /api/message
[2025-07-28T14:17:47.987Z] GET /api/message
[2025-07-28T14:17:58.140Z] GET /api/message
[2025-07-28T14:18:08.302Z] GET /api/message
[2025-07-28T14:18:18.476Z] GET /api/message
[2025-07-28T14:18:28.630Z] GET /api/message
[2025-07-28T14:18:38.788Z] GET /api/message
[2025-07-28T14:18:48.995Z] GET /api/message
[2025-07-28T14:18:59.149Z] GET /api/message
[2025-07-28T14:19:09.305Z] GET /api/message
[2025-07-28T14:19:19.465Z] GET /api/message
[2025-07-28T14:19:29.634Z] GET /api/message
[2025-07-28T14:19:39.791Z] GET /api/message
[2025-07-28T14:19:49.950Z] GET /api/message
[2025-07-28T14:20:00.104Z] GET /api/message
[2025-07-28T14:20:10.267Z] GET /api/message
[2025-07-28T14:20:20.423Z] GET /api/message
[2025-07-28T14:20:30.586Z] GET /api/message
[2025-07-28T14:20:40.744Z] GET /api/message
[2025-07-28T14:20:50.993Z] GET /api/message
[2025-07-28T14:21:01.189Z] GET /api/message
[2025-07-28T14:21:11.343Z] GET /api/message
[2025-07-28T14:21:21.499Z] GET /api/message
[2025-07-28T14:21:31.651Z] GET /api/message
[2025-07-28T14:21:41.810Z] GET /api/message
[2025-07-28T14:21:51.972Z] GET /api/message
[2025-07-28T14:22:02.140Z] GET /api/message
[2025-07-28T14:22:12.298Z] GET /api/message
[2025-07-28T14:22:22.469Z] GET /api/message
[2025-07-28T14:22:32.634Z] GET /api/message
[2025-07-28T14:22:42.795Z] GET /api/message
[2025-07-28T14:22:52.951Z] GET /api/message
[2025-07-28T14:23:03.107Z] GET /api/message
[2025-07-28T14:23:13.267Z] GET /api/message
[2025-07-28T14:23:23.423Z] GET /api/message
[2025-07-28T14:23:33.582Z] GET /api/message
[2025-07-28T14:23:43.734Z] GET /api/message
[2025-07-28T14:23:53.887Z] GET /api/message
[2025-07-28T14:24:04.045Z] GET /api/message
[2025-07-28T14:24:14.203Z] GET /api/message
[2025-07-28T14:24:24.355Z] GET /api/message
[2025-07-28T14:24:34.522Z] GET /api/message
[2025-07-28T14:24:44.688Z] GET /api/message
[2025-07-28T14:24:54.843Z] GET /api/message
[2025-07-28T14:25:05.000Z] GET /api/message
[2025-07-28T14:25:15.156Z] GET /api/message
[2025-07-28T14:25:25.315Z] GET /api/message
[2025-07-28T14:25:35.472Z] GET /api/message
[2025-07-28T14:25:45.627Z] GET /api/message
[2025-07-28T14:25:55.777Z] GET /api/message
[2025-07-28T14:26:05.942Z] GET /api/message
[2025-07-28T14:26:16.099Z] GET /api/message
[2025-07-28T14:26:26.254Z] GET /api/message
[2025-07-28T14:26:36.408Z] GET /api/message
[2025-07-28T14:26:46.564Z] GET /api/message
[2025-07-28T14:26:56.778Z] GET /api/message
[2025-07-28T14:27:06.949Z] GET /api/message
[2025-07-28T14:27:17.149Z] GET /api/message
[2025-07-28T14:27:27.308Z] GET /api/message
[2025-07-28T14:27:37.465Z] GET /api/message
[2025-07-28T14:27:47.622Z] GET /api/message
[2025-07-28T14:27:57.778Z] GET /api/message
[2025-07-28T14:28:07.932Z] GET /api/message
[2025-07-28T14:28:18.087Z] GET /api/message
[2025-07-28T14:28:28.255Z] GET /api/message
[2025-07-28T14:28:38.414Z] GET /api/message
[2025-07-28T14:28:48.571Z] GET /api/message
[2025-07-28T14:28:58.733Z] GET /api/message
[2025-07-28T14:29:08.891Z] GET /api/message
[2025-07-28T14:29:19.046Z] GET /api/message
[2025-07-28T14:29:29.212Z] GET /api/message
[2025-07-28T14:29:39.369Z] GET /api/message
[2025-07-28T14:29:49.529Z] GET /api/message
[2025-07-28T14:29:59.686Z] GET /api/message
[2025-07-28T14:30:09.855Z] GET /api/message
[2025-07-28T14:30:20.014Z] GET /api/message
[2025-07-28T14:30:30.173Z] GET /api/message
[2025-07-28T14:30:40.331Z] GET /api/message
[2025-07-28T14:30:50.489Z] GET /api/message
[2025-07-28T14:31:00.652Z] GET /api/message
[2025-07-28T14:31:10.812Z] GET /api/message
[2025-07-28T14:31:20.981Z] GET /api/message
[2025-07-28T14:31:31.158Z] GET /api/message
[2025-07-28T14:31:41.317Z] GET /api/message
[2025-07-28T14:31:51.501Z] GET /api/message
[2025-07-28T14:32:01.659Z] GET /api/message
[2025-07-28T14:32:11.821Z] GET /api/message
[2025-07-28T14:32:21.986Z] GET /api/message
[2025-07-28T14:32:32.144Z] GET /api/message
[2025-07-28T14:32:42.302Z] GET /api/message
[2025-07-28T14:32:52.462Z] GET /api/message
[2025-07-28T14:33:02.637Z] GET /api/message
[2025-07-28T14:33:12.798Z] GET /api/message
[2025-07-28T14:33:22.958Z] GET /api/message
[2025-07-28T14:33:33.127Z] GET /api/message
[2025-07-28T14:33:43.309Z] GET /api/message
[2025-07-28T14:33:53.481Z] GET /api/message
[2025-07-28T14:34:03.642Z] GET /api/message
[2025-07-28T14:34:13.797Z] GET /api/message
[2025-07-28T14:34:23.960Z] GET /api/message
[2025-07-28T14:34:34.121Z] GET /api/message
[2025-07-28T14:34:44.299Z] GET /api/message
[2025-07-28T14:34:54.463Z] GET /api/message
[2025-07-28T14:35:04.620Z] GET /api/message
[2025-07-28T14:35:14.780Z] GET /api/message
[2025-07-28T14:35:24.956Z] GET /api/message
[2025-07-28T14:35:35.113Z] GET /api/message
[2025-07-28T14:35:45.287Z] GET /api/message
[2025-07-28T14:35:55.461Z] GET /api/message
[2025-07-28T14:36:05.628Z] GET /api/message
[2025-07-28T14:36:15.804Z] GET /api/message
[2025-07-28T14:36:25.956Z] GET /api/message
[2025-07-28T14:36:36.116Z] GET /api/message
[2025-07-28T14:36:46.275Z] GET /api/message
[2025-07-28T14:36:56.431Z] GET /api/message
[2025-07-28T14:37:06.584Z] GET /api/message
[2025-07-28T14:37:16.790Z] GET /api/message
[2025-07-28T14:37:26.946Z] GET /api/message
[2025-07-28T14:37:37.106Z] GET /api/message
[2025-07-28T14:37:47.261Z] GET /api/message
[2025-07-28T14:37:57.415Z] GET /api/message
[2025-07-28T14:38:07.586Z] GET /api/message
[2025-07-28T14:38:17.785Z] GET /api/message
[2025-07-28T14:38:27.975Z] GET /api/message
[2025-07-28T14:38:38.128Z] GET /api/message
[2025-07-28T14:38:48.284Z] GET /api/message
[2025-07-28T14:38:58.436Z] GET /api/message
[2025-07-28T14:39:08.589Z] GET /api/message
[2025-07-28T14:39:18.746Z] GET /api/message
[2025-07-28T14:39:28.901Z] GET /api/message
[2025-07-28T14:39:39.055Z] GET /api/message
[2025-07-28T14:39:49.207Z] GET /api/message
[2025-07-28T14:39:59.365Z] GET /api/message
[2025-07-28T14:40:09.522Z] GET /api/message
[2025-07-28T14:40:19.678Z] GET /api/message
[2025-07-28T14:40:29.833Z] GET /api/message
[2025-07-28T14:40:40.000Z] GET /api/message
[2025-07-28T14:40:50.158Z] GET /api/message
[2025-07-28T14:41:00.317Z] GET /api/message
[2025-07-28T14:41:10.472Z] GET /api/message
[2025-07-28T14:41:20.630Z] GET /api/message
[2025-07-28T14:41:30.799Z] GET /api/message
[2025-07-28T14:41:41.011Z] GET /api/message
[2025-07-28T14:41:51.186Z] GET /api/message
[2025-07-28T14:42:01.356Z] GET /api/message
[2025-07-28T14:42:11.548Z] GET /api/message
[2025-07-28T14:42:21.701Z] GET /api/message
[2025-07-28T14:42:31.859Z] GET /api/message
[2025-07-28T14:42:42.017Z] GET /api/message
[2025-07-28T14:42:52.176Z] GET /api/message
[2025-07-28T14:43:02.334Z] GET /api/message
[2025-07-28T14:43:12.489Z] GET /api/message
[2025-07-28T14:43:22.712Z] GET /api/message
[2025-07-28T14:43:32.875Z] GET /api/message
[2025-07-28T14:43:43.031Z] GET /api/message
[2025-07-28T14:43:53.185Z] GET /api/message
[2025-07-28T14:44:03.362Z] GET /api/message
[2025-07-28T14:44:13.522Z] GET /api/message
[2025-07-28T14:44:23.683Z] GET /api/message
[2025-07-28T14:44:33.840Z] GET /api/message
[2025-07-28T14:44:43.993Z] GET /api/message
[2025-07-28T14:44:54.152Z] GET /api/message
[2025-07-28T14:45:04.313Z] GET /api/message
[2025-07-28T14:45:14.479Z] GET /api/message
[2025-07-28T14:45:24.649Z] GET /api/message
[2025-07-28T14:45:34.806Z] GET /api/message
[2025-07-28T14:45:44.963Z] GET /api/message
[2025-07-28T14:45:55.126Z] GET /api/message
[2025-07-28T14:46:05.288Z] GET /api/message
[2025-07-28T14:46:15.444Z] GET /api/message
[2025-07-28T14:46:25.601Z] GET /api/message
[2025-07-28T14:46:35.755Z] GET /api/message
[2025-07-28T14:46:45.917Z] GET /api/message
[2025-07-28T14:46:56.088Z] GET /api/message
[2025-07-28T14:47:06.252Z] GET /api/message
[2025-07-28T14:47:16.404Z] GET /api/message
[2025-07-28T14:47:26.560Z] GET /api/message
[2025-07-28T14:47:36.719Z] GET /api/message
[2025-07-28T14:47:46.876Z] GET /api/message
[2025-07-28T14:47:57.035Z] GET /api/message
[2025-07-28T14:48:07.191Z] GET /api/message
[2025-07-28T14:48:17.389Z] GET /api/message
[2025-07-28T14:48:27.545Z] GET /api/message
[2025-07-28T14:48:37.711Z] GET /api/message
[2025-07-28T14:48:47.889Z] GET /api/message
[2025-07-28T14:48:58.045Z] GET /api/message
[2025-07-28T14:49:08.218Z] GET /api/message
[2025-07-28T14:49:18.377Z] GET /api/message
[2025-07-28T14:49:28.551Z] GET /api/message
[2025-07-28T14:49:38.709Z] GET /api/message
[2025-07-28T14:49:48.883Z] GET /api/message
[2025-07-28T14:49:59.054Z] GET /api/message
[2025-07-28T14:50:09.217Z] GET /api/message
[2025-07-28T14:50:19.374Z] GET /api/message
[2025-07-28T14:50:29.548Z] GET /api/message
[2025-07-28T14:50:39.703Z] GET /api/message
[2025-07-28T14:50:49.885Z] GET /api/message
[2025-07-28T14:51:00.041Z] GET /api/message
[2025-07-28T14:51:10.213Z] GET /api/message
[2025-07-28T14:51:20.375Z] GET /api/message
[2025-07-28T14:51:30.549Z] GET /api/message
[2025-07-28T14:51:40.705Z] GET /api/message
[2025-07-28T14:51:50.874Z] GET /api/message
[2025-07-28T14:52:01.040Z] GET /api/message
[2025-07-28T14:52:11.213Z] GET /api/message
[2025-07-28T14:52:21.378Z] GET /api/message
[2025-07-28T14:52:31.559Z] GET /api/message
[2025-07-28T14:52:41.715Z] GET /api/message
[2025-07-28T14:52:51.871Z] GET /api/message
[2025-07-28T14:53:02.050Z] GET /api/message
[2025-07-28T14:53:12.203Z] GET /api/message
[2025-07-28T14:53:22.436Z] GET /api/message
[2025-07-28T14:53:32.609Z] GET /api/message
[2025-07-28T14:53:42.769Z] GET /api/message
[2025-07-28T14:53:52.923Z] GET /api/message
[2025-07-28T14:54:03.092Z] GET /api/message
[2025-07-28T14:54:13.250Z] GET /api/message
[2025-07-28T14:54:23.420Z] GET /api/message
[2025-07-28T14:54:33.577Z] GET /api/message
[2025-07-28T14:54:43.736Z] GET /api/message
[2025-07-28T14:54:53.900Z] GET /api/message
[2025-07-28T14:55:04.065Z] GET /api/message
[2025-07-28T14:55:14.228Z] GET /api/message
[2025-07-28T14:55:24.384Z] GET /api/message
[2025-07-28T14:55:34.551Z] GET /api/message
[2025-07-28T14:55:44.709Z] GET /api/message
[2025-07-28T14:55:54.865Z] GET /api/message
[2025-07-28T14:56:05.017Z] GET /api/message
[2025-07-28T14:56:15.179Z] GET /api/message
[2025-07-28T14:56:25.397Z] GET /api/message
[2025-07-28T14:56:35.551Z] GET /api/message
[2025-07-28T14:56:45.705Z] GET /api/message
[2025-07-28T14:56:55.861Z] GET /api/message
[2025-07-28T14:57:06.017Z] GET /api/message
[2025-07-28T14:57:16.235Z] GET /api/message
[2025-07-28T14:57:26.472Z] GET /api/message
[2025-07-28T14:57:36.630Z] GET /api/message
[2025-07-28T14:57:46.784Z] GET /api/message
[2025-07-28T14:57:56.951Z] GET /api/message
[2025-07-28T14:58:07.109Z] GET /api/message
[2025-07-28T14:58:17.272Z] GET /api/message
[2025-07-28T14:58:27.433Z] GET /api/message
[2025-07-28T14:58:37.591Z] GET /api/message
[2025-07-28T14:58:47.745Z] GET /api/message
[2025-07-28T14:58:57.903Z] GET /api/message
[2025-07-28T14:59:08.062Z] GET /api/message
[2025-07-28T14:59:18.225Z] GET /api/message
[2025-07-28T14:59:28.385Z] GET /api/message
[2025-07-28T14:59:38.543Z] GET /api/message
[2025-07-28T14:59:48.702Z] GET /api/message
[2025-07-28T14:59:58.857Z] GET /api/message
[2025-07-28T15:00:09.018Z] GET /api/message
[2025-07-28T15:00:19.176Z] GET /api/message
[2025-07-28T15:00:29.337Z] GET /api/message
[2025-07-28T15:00:39.503Z] GET /api/message
[2025-07-28T15:00:49.670Z] GET /api/message
[2025-07-28T15:00:59.833Z] GET /api/message
[2025-07-28T15:01:09.994Z] GET /api/message
[2025-07-28T15:01:20.153Z] GET /api/message
[2025-07-28T15:01:30.321Z] GET /api/message
[2025-07-28T15:01:40.498Z] GET /api/message
[2025-07-28T15:01:50.656Z] GET /api/message
[2025-07-28T15:02:00.811Z] GET /api/message
[2025-07-28T15:02:10.986Z] GET /api/message
[2025-07-28T15:02:21.145Z] GET /api/message
[2025-07-28T15:02:31.303Z] GET /api/message
[2025-07-28T15:02:41.467Z] GET /api/message
[2025-07-28T15:02:51.712Z] GET /api/message
[2025-07-28T15:03:01.876Z] GET /api/message
[2025-07-28T15:03:12.034Z] GET /api/message
[2025-07-28T15:03:22.198Z] GET /api/message
[2025-07-28T15:03:32.364Z] GET /api/message
[2025-07-28T15:03:42.526Z] GET /api/message
[2025-07-28T15:03:52.694Z] GET /api/message
[2025-07-28T15:04:02.849Z] GET /api/message
[2025-07-28T15:04:13.018Z] GET /api/message
[2025-07-28T15:04:23.180Z] GET /api/message
[2025-07-28T15:04:33.335Z] GET /api/message
[2025-07-28T15:04:43.487Z] GET /api/message
[2025-07-28T15:04:53.637Z] GET /api/message
[2025-07-28T15:05:03.798Z] GET /api/message
[2025-07-28T15:05:13.948Z] GET /api/message
[2025-07-28T15:05:24.116Z] GET /api/message
[2025-07-28T15:05:34.265Z] GET /api/message
[2025-07-28T15:05:44.450Z] GET /api/message
[2025-07-28T15:05:54.618Z] GET /api/message
[2025-07-28T15:06:04.768Z] GET /api/message
[2025-07-28T15:06:14.939Z] GET /api/message
[2025-07-28T15:06:25.088Z] GET /api/message
[2025-07-28T15:06:35.239Z] GET /api/message
[2025-07-28T15:06:45.391Z] GET /api/message
[2025-07-28T15:06:55.553Z] GET /api/message
[2025-07-28T15:07:05.704Z] GET /api/message
[2025-07-28T15:07:15.854Z] GET /api/message
[2025-07-28T15:07:26.005Z] GET /api/message
[2025-07-28T15:07:36.168Z] GET /api/message
[2025-07-28T15:07:46.320Z] GET /api/message
[2025-07-28T15:07:56.482Z] GET /api/message
[2025-07-28T15:08:06.631Z] GET /api/message
[2025-07-28T15:08:16.781Z] GET /api/message
[2025-07-28T15:08:26.930Z] GET /api/message
[2025-07-28T15:08:37.103Z] GET /api/message
[2025-07-28T15:08:47.256Z] GET /api/message
[2025-07-28T15:08:57.410Z] GET /api/message
[2025-07-28T15:09:07.599Z] GET /api/message
[2025-07-28T15:09:17.779Z] GET /api/message
[2025-07-28T15:09:27.960Z] GET /api/message
[2025-07-28T15:09:38.110Z] GET /api/message
[2025-07-28T15:09:48.279Z] GET /api/message
[2025-07-28T15:09:58.447Z] GET /api/message
[2025-07-28T15:10:08.613Z] GET /api/message
[2025-07-28T15:10:18.762Z] GET /api/message
[2025-07-28T15:10:28.933Z] GET /api/message
[2025-07-28T15:10:39.081Z] GET /api/message
[2025-07-28T15:10:49.233Z] GET /api/message
[2025-07-28T15:10:59.386Z] GET /api/message
[2025-07-28T15:11:09.537Z] GET /api/message
[2025-07-28T15:11:19.730Z] GET /api/message
[2025-07-28T15:11:29.906Z] GET /api/message
[2025-07-28T15:11:40.055Z] GET /api/message
[2025-07-28T15:11:50.207Z] GET /api/message
[2025-07-28T15:12:00.382Z] GET /api/message
[2025-07-28T15:12:10.536Z] GET /api/message
[2025-07-28T15:12:20.685Z] GET /api/message
[2025-07-28T15:12:30.836Z] GET /api/message
[2025-07-28T15:12:40.996Z] GET /api/message
[2025-07-28T15:12:51.146Z] GET /api/message
[2025-07-28T15:13:01.299Z] GET /api/message
[2025-07-28T15:13:11.453Z] GET /api/message
[2025-07-28T15:13:21.602Z] GET /api/message
[2025-07-28T15:13:31.751Z] GET /api/message
[2025-07-28T15:13:41.900Z] GET /api/message
[2025-07-28T15:13:52.070Z] GET /api/message
[2025-07-28T15:14:02.220Z] GET /api/message
[2025-07-28T15:14:12.373Z] GET /api/message
[2025-07-28T15:14:22.529Z] GET /api/message
[2025-07-28T15:14:32.725Z] GET /api/message
[2025-07-28T15:14:42.941Z] GET /api/message
[2025-07-28T15:14:53.091Z] GET /api/message
[2025-07-28T15:15:03.242Z] GET /api/message
[2025-07-28T15:15:13.393Z] GET /api/message
[2025-07-28T15:15:23.544Z] GET /api/message
[2025-07-28T15:15:33.694Z] GET /api/message
[2025-07-28T15:15:43.843Z] GET /api/message
[2025-07-28T15:15:53.994Z] GET /api/message
[2025-07-28T15:16:04.146Z] GET /api/message
[2025-07-28T15:16:14.313Z] GET /api/message
[2025-07-28T15:16:24.476Z] GET /api/message
[2025-07-28T15:16:34.648Z] GET /api/message
[2025-07-28T15:16:44.813Z] GET /api/message
[2025-07-28T15:16:54.976Z] GET /api/message
[2025-07-28T15:17:05.188Z] GET /api/message
[2025-07-28T15:17:15.378Z] GET /api/message
[2025-07-28T15:17:25.556Z] GET /api/message
[2025-07-28T15:17:35.714Z] GET /api/message
[2025-07-28T15:17:45.896Z] GET /api/message
[2025-07-28T15:17:56.078Z] GET /api/message
[2025-07-28T15:18:06.230Z] GET /api/message
[2025-07-28T15:18:16.404Z] GET /api/message
[2025-07-28T15:18:26.559Z] GET /api/message
[2025-07-28T15:18:36.723Z] GET /api/message
[2025-07-28T15:18:46.886Z] GET /api/message
[2025-07-28T15:18:57.040Z] GET /api/message
[2025-07-28T15:19:07.192Z] GET /api/message
[2025-07-28T15:19:17.346Z] GET /api/message
[2025-07-28T15:19:27.495Z] GET /api/message
[2025-07-28T15:19:37.647Z] GET /api/message
[2025-07-28T15:19:47.800Z] GET /api/message
[2025-07-28T15:19:57.952Z] GET /api/message
[2025-07-28T15:20:08.103Z] GET /api/message
[2025-07-28T15:20:18.253Z] GET /api/message
[2025-07-28T15:20:28.414Z] GET /api/message
[2025-07-28T15:20:38.565Z] GET /api/message
[2025-07-28T15:20:48.714Z] GET /api/message
[2025-07-28T15:20:58.872Z] GET /api/message
[2025-07-28T15:21:09.041Z] GET /api/message
[2025-07-28T15:21:19.195Z] GET /api/message
[2025-07-28T15:21:29.349Z] GET /api/message
[2025-07-28T15:21:39.531Z] GET /api/message
[2025-07-28T15:21:49.682Z] GET /api/message
[2025-07-28T15:21:59.833Z] GET /api/message
[2025-07-28T15:22:09.988Z] GET /api/message
[2025-07-28T15:22:20.144Z] GET /api/message
[2025-07-28T15:22:30.301Z] GET /api/message
[2025-07-28T15:22:40.483Z] GET /api/message
[2025-07-28T15:22:50.658Z] GET /api/message
[2025-07-28T15:23:00.821Z] GET /api/message
[2025-07-28T15:23:11.008Z] GET /api/message
[2025-07-28T15:23:21.175Z] GET /api/message
[2025-07-28T15:23:31.333Z] GET /api/message
[2025-07-28T15:23:41.518Z] GET /api/message
[2025-07-28T15:23:51.679Z] GET /api/message
[2025-07-28T15:24:01.832Z] GET /api/message
[2025-07-28T15:24:11.997Z] GET /api/message
[2025-07-28T15:24:22.168Z] GET /api/message
[2025-07-28T15:24:32.341Z] GET /api/message
[2025-07-28T15:24:42.498Z] GET /api/message
[2025-07-28T15:24:52.667Z] GET /api/message
[2025-07-28T15:25:02.835Z] GET /api/message
[2025-07-28T15:25:12.986Z] GET /api/message
[2025-07-28T15:25:23.137Z] GET /api/message
[2025-07-28T15:25:33.287Z] GET /api/message
[2025-07-28T15:25:43.461Z] GET /api/message
[2025-07-28T15:25:53.610Z] GET /api/message
[2025-07-28T15:26:03.787Z] GET /api/message
[2025-07-28T15:26:13.957Z] GET /api/message
[2025-07-28T15:26:24.112Z] GET /api/message
[2025-07-28T15:26:34.331Z] GET /api/message
[2025-07-28T15:26:44.491Z] GET /api/message
[2025-07-28T15:26:54.649Z] GET /api/message
[2025-07-28T15:27:04.807Z] GET /api/message
[2025-07-28T15:27:14.987Z] GET /api/message
[2025-07-28T15:27:25.138Z] GET /api/message
[2025-07-28T15:27:35.290Z] GET /api/message
[2025-07-28T15:27:45.450Z] GET /api/message
[2025-07-28T15:27:55.613Z] GET /api/message
[2025-07-28T15:28:05.774Z] GET /api/message
[2025-07-28T15:28:15.930Z] GET /api/message
[2025-07-28T15:28:26.089Z] GET /api/message
[2025-07-28T15:28:36.244Z] GET /api/message
[2025-07-28T15:28:46.397Z] GET /api/message
[2025-07-28T15:28:56.545Z] GET /api/message
[2025-07-28T15:29:06.691Z] GET /api/message
[2025-07-28T15:29:16.863Z] GET /api/message
[2025-07-28T15:29:27.017Z] GET /api/message
[2025-07-28T15:29:37.169Z] GET /api/message
[2025-07-28T15:29:47.340Z] GET /api/message
[2025-07-28T15:29:57.489Z] GET /api/message
[2025-07-28T15:30:07.638Z] GET /api/message
[2025-07-28T15:30:17.789Z] GET /api/message
[2025-07-28T15:30:27.945Z] GET /api/message
[2025-07-28T15:30:38.099Z] GET /api/message
[2025-07-28T15:30:48.250Z] GET /api/message
[2025-07-28T15:30:58.398Z] GET /api/message
[2025-07-28T15:31:08.549Z] GET /api/message
[2025-07-28T15:31:18.751Z] GET /api/message
[2025-07-28T15:31:28.948Z] GET /api/message
[2025-07-28T15:31:39.098Z] GET /api/message
[2025-07-28T15:31:49.252Z] GET /api/message
[2025-07-28T15:31:59.417Z] GET /api/message
[2025-07-28T15:32:09.574Z] GET /api/message
